>>> including systematics
>>> method used to compute upper limit is Asymptotic
>>> random number generator seed is 123456
Computing limit starting from observation
Will compute both limit(s) using minimizer Minuit2 with strategy 0 and tolerance 0.01
Median for expected limits: 0.37793
Sigma  for expected limits: 0.192825
Restricting r to positive values.

Make global fit of real data
NLL at global minimum of data: -2219.42 (r = 0.000123502)

Make global fit of asimov data
NLL at global minimum of asimov: -2219.42 (r = 0.000112477)
At r = 1.200124:	q_mu = 34.53151	q_A  = 34.53163	CLsb = 0.00000	CLb  = 0.50000	CLs  = 0.00000
At r = 0.600124:	q_mu = 9.82321	q_A  = 9.82329	CLsb = 0.00086	CLb  = 0.50000	CLs  = 0.00172
At r = 0.300124:	q_mu = 2.35935	q_A  = 2.35939	CLsb = 0.06227	CLb  = 0.50001	CLs  = 0.12453
At r = 0.450124:	q_mu = 5.49777	q_A  = 5.49783	CLsb = 0.00952	CLb  = 0.50001	CLs  = 0.01904
At r = 0.388433:	q_mu = 4.05338	q_A  = 4.05344	CLsb = 0.02204	CLb  = 0.50001	CLs  = 0.04408
At r = 0.362202:	q_mu = 3.50394	q_A  = 3.50399	CLsb = 0.03061	CLb  = 0.50001	CLs  = 0.06122
At r = 0.375139:	q_mu = 3.77000	q_A  = 3.77005	CLsb = 0.02609	CLb  = 0.50001	CLs  = 0.05218
At r = 0.380489:	q_mu = 3.88281	q_A  = 3.88287	CLsb = 0.02439	CLb  = 0.50001	CLs  = 0.04878
At r = 0.377851:	q_mu = 3.82698	q_A  = 3.82704	CLsb = 0.02522	CLb  = 0.50001	CLs  = 0.05043
At r = 0.378926:	q_mu = 3.84968	q_A  = 3.84973	CLsb = 0.02488	CLb  = 0.50001	CLs  = 0.04976

 -- Asymptotic -- 
Observed Limit: r < 0.3789
Expected  2.5%: r < 0.2133
Expected 16.0%: r < 0.2789
Expected 50.0%: r < 0.3779
Expected 84.0%: r < 0.5210
Expected 97.5%: r < 0.6953

Done in 0.01 min (cpu), 0.01 min (real)
