>>> including systematics
>>> method used to compute upper limit is Asymptotic
>>> random number generator seed is 123456
Computing limit starting from observation
Will compute both limit(s) using minimizer Minuit2 with strategy 0 and tolerance 0.01
Median for expected limits: 0.412109
Sigma  for expected limits: 0.210264
Restricting r to positive values.

Make global fit of real data
NLL at global minimum of data: -122499 (r = 0.20396)

Make global fit of asimov data
NLL at global minimum of asimov: -122041 (r = 0.000980069)
At r = 1.403960:	q_mu = 39.60179	q_A  = 47.30334	CLsb = 0.00000	CLb  = 0.72064	CLs  = 0.00000
At r = 0.803960:	q_mu = 9.90106	q_A  = 16.84861	CLsb = 0.00083	CLb  = 0.83100	CLs  = 0.00099
At r = 0.503960:	q_mu = 2.17164	q_A  = 5.93296	CLsb = 0.07029	CLb  = 0.83200	CLs  = 0.08448
At r = 0.653960:	q_mu = 5.30335	q_A  = 10.51194	CLsb = 0.01064	CLb  = 0.82621	CLs  = 0.01288
At r = 0.578960:	q_mu = 3.55089	q_A  = 8.05000	CLsb = 0.02976	CLb  = 0.82967	CLs  = 0.03587
At r = 0.540692:	q_mu = 2.80076	q_A  = 6.92630	CLsb = 0.04711	CLb  = 0.83103	CLs  = 0.05669
At r = 0.556741:	q_mu = 3.10353	q_A  = 7.38657	CLsb = 0.03906	CLb  = 0.83050	CLs  = 0.04703
At r = 0.549325:	q_mu = 2.96151	q_A  = 7.17191	CLsb = 0.04263	CLb  = 0.83075	CLs  = 0.05132
At r = 0.552581:	q_mu = 3.02341	q_A  = 7.26572	CLsb = 0.04104	CLb  = 0.83064	CLs  = 0.04940
At r = 0.551107:	q_mu = 2.99529	q_A  = 7.22318	CLsb = 0.04175	CLb  = 0.83069	CLs  = 0.05026

 -- Asymptotic -- 
Observed Limit: r < 0.5511
Expected  2.5%: r < 0.2342
Expected 16.0%: r < 0.3051
Expected 50.0%: r < 0.4121
Expected 84.0%: r < 0.5583
Expected 97.5%: r < 0.7239

Done in 1.04 min (cpu), 1.05 min (real)
