>>> including systematics
>>> method used to compute upper limit is Asymptotic
>>> random number generator seed is 123456
Computing limit starting from observation
Will compute both limit(s) using minimizer Minuit2 with strategy 0 and tolerance 0.01
Median for expected limits: 0.964844
Sigma  for expected limits: 0.492276
Restricting r to positive values.

Make global fit of real data
NLL at global minimum of data: -2234.13 (r = 0.005873)

Make global fit of asimov data
NLL at global minimum of asimov: -2234.28 (r = 0.00177217)
At r = 1.432147:	q_mu = 8.42500	q_A  = 8.42526	CLsb = 0.00185	CLb  = 0.50002	CLs  = 0.00370
At r = 0.719010:	q_mu = 2.09018	q_A  = 2.09010	CLsb = 0.07412	CLb  = 0.49999	CLs  = 0.14825
At r = 1.075578:	q_mu = 4.77944	q_A  = 4.77955	CLsb = 0.01440	CLb  = 0.50001	CLs  = 0.02880
At r = 0.908231:	q_mu = 3.38974	q_A  = 3.38980	CLsb = 0.03280	CLb  = 0.50001	CLs  = 0.06560
At r = 0.985869:	q_mu = 4.00690	q_A  = 4.00698	CLsb = 0.02266	CLb  = 0.50001	CLs  = 0.04531
At r = 0.953821:	q_mu = 3.74626	q_A  = 3.74633	CLsb = 0.02646	CLb  = 0.50001	CLs  = 0.05293
At r = 0.969619:	q_mu = 3.87371	q_A  = 3.87379	CLsb = 0.02452	CLb  = 0.50001	CLs  = 0.04905
At r = 0.963264:	q_mu = 3.82220	q_A  = 3.82227	CLsb = 0.02529	CLb  = 0.50001	CLs  = 0.05058
At r = 0.966434:	q_mu = 3.84786	q_A  = 3.84793	CLsb = 0.02490	CLb  = 0.50001	CLs  = 0.04981

 -- Asymptotic -- 
Observed Limit: r < 0.9664
Expected  2.5%: r < 0.5371
Expected 16.0%: r < 0.7042
Expected 50.0%: r < 0.9648
Expected 84.0%: r < 1.3379
Expected 97.5%: r < 1.8055

Done in 0.01 min (cpu), 0.01 min (real)
