>>> including systematics
>>> method used to compute upper limit is Asymptotic
>>> random number generator seed is 123456
Computing limit starting from observation
Will compute both limit(s) using minimizer Minuit2 with strategy 0 and tolerance 0.01
Median for expected limits: 0.404297
Sigma  for expected limits: 0.206278
Restricting r to positive values.

Make global fit of real data
NLL at global minimum of data: -2630.82 (r = 0.231458)

Make global fit of asimov data
NLL at global minimum of asimov: -2581.97 (r = 6.47677e-08)
At r = 1.431458:	q_mu = 28.15503	q_A  = 39.76598	CLsb = 0.00000	CLb  = 0.84132	CLs  = 0.00000
At r = 0.831458:	q_mu = 8.85783	q_A  = 16.21049	CLsb = 0.00146	CLb  = 0.85314	CLs  = 0.00171
At r = 0.531458:	q_mu = 2.39980	q_A  = 6.87011	CLsb = 0.06068	CLb  = 0.85813	CLs  = 0.07071
At r = 0.681458:	q_mu = 5.22004	q_A  = 11.20410	CLsb = 0.01116	CLb  = 0.85600	CLs  = 0.01304
At r = 0.606458:	q_mu = 3.69436	q_A  = 8.93948	CLsb = 0.02730	CLb  = 0.85720	CLs  = 0.03185
At r = 0.572524:	q_mu = 3.07837	q_A  = 7.97725	CLsb = 0.03967	CLb  = 0.85766	CLs  = 0.04625
At r = 0.558281:	q_mu = 2.83453	q_A  = 7.58594	CLsb = 0.04613	CLb  = 0.85784	CLs  = 0.05377
At r = 0.566633:	q_mu = 2.97644	q_A  = 7.81447	CLsb = 0.04224	CLb  = 0.85774	CLs  = 0.04925
At r = 0.563812:	q_mu = 2.92816	q_A  = 7.73698	CLsb = 0.04352	CLb  = 0.85777	CLs  = 0.05074
At r = 0.565488:	q_mu = 2.95680	q_A  = 7.78297	CLsb = 0.04276	CLb  = 0.85775	CLs  = 0.04985

 -- Asymptotic -- 
Observed Limit: r < 0.5655
Expected  2.5%: r < 0.2194
Expected 16.0%: r < 0.2918
Expected 50.0%: r < 0.4043
Expected 84.0%: r < 0.5616
Expected 97.5%: r < 0.7461

Done in 0.01 min (cpu), 0.01 min (real)
