>>> including systematics
>>> method used to compute upper limit is Asymptotic
>>> random number generator seed is 123456
Computing limit starting from observation
Will compute both limit(s) using minimizer Minuit2 with strategy 0 and tolerance 0.01
Median for expected limits: 0.685547
Sigma  for expected limits: 0.349775
Restricting r to positive values.

Make global fit of real data
NLL at global minimum of data: -2219.42 (r = 0.00200394)

Make global fit of asimov data
NLL at global minimum of asimov: -2219.42 (r = 0.00175237)
At r = 9.368513:	q_mu = 199.93330	q_A  = 199.93251	CLsb = 0.00000	CLb  = 0.49999	CLs  = 0.00000
At r = 4.685259:	q_mu = 88.40550	q_A  = 88.40548	CLsb = 0.00000	CLb  = 0.50000	CLs  = 0.00000
At r = 2.343631:	q_mu = 35.34725	q_A  = 35.34739	CLsb = 0.00000	CLb  = 0.50000	CLs  = 0.00000
At r = 1.172818:	q_mu = 11.01051	q_A  = 11.01060	CLsb = 0.00045	CLb  = 0.50001	CLs  = 0.00091
At r = 0.587411:	q_mu = 2.81074	q_A  = 2.81081	CLsb = 0.04682	CLb  = 0.50001	CLs  = 0.09363
At r = 0.880114:	q_mu = 6.35292	q_A  = 6.35300	CLsb = 0.00586	CLb  = 0.50001	CLs  = 0.01172
At r = 0.733762:	q_mu = 4.42181	q_A  = 4.42188	CLsb = 0.01774	CLb  = 0.50001	CLs  = 0.03548
At r = 0.663107:	q_mu = 3.60170	q_A  = 3.60177	CLsb = 0.02886	CLb  = 0.50001	CLs  = 0.05772
At r = 0.693917:	q_mu = 3.94985	q_A  = 3.94992	CLsb = 0.02344	CLb  = 0.50001	CLs  = 0.04687
At r = 0.680111:	q_mu = 3.79201	q_A  = 3.79208	CLsb = 0.02575	CLb  = 0.50001	CLs  = 0.05150
At r = 0.686337:	q_mu = 3.86282	q_A  = 3.86289	CLsb = 0.02468	CLb  = 0.50001	CLs  = 0.04937
At r = 0.683589:	q_mu = 3.83149	q_A  = 3.83156	CLsb = 0.02515	CLb  = 0.50001	CLs  = 0.05030

 -- Asymptotic -- 
Observed Limit: r < 0.6836
Expected  2.5%: r < 0.3816
Expected 16.0%: r < 0.4980
Expected 50.0%: r < 0.6855
Expected 84.0%: r < 0.9506
Expected 97.5%: r < 1.2917

Done in 0.01 min (cpu), 0.01 min (real)
