>>> including systematics
>>> method used to compute upper limit is Asymptotic
>>> random number generator seed is 123456
Computing limit starting from observation
Will compute both limit(s) using minimizer Minuit2 with strategy 0 and tolerance 0.01
Median for expected limits: 0.685547
Sigma  for expected limits: 0.349775
Restricting r to positive values.

Make global fit of real data
NLL at global minimum of data: -2219.42 (r = 0.00200376)

Make global fit of asimov data
NLL at global minimum of asimov: -2219.42 (r = 0.00175221)
At r = 9.368649:	q_mu = 199.98932	q_A  = 199.99120	CLsb = 0.00000	CLb  = 0.50003	CLs  = 0.00000
At r = 4.685326:	q_mu = 88.41685	q_A  = 88.41703	CLsb = 0.00000	CLb  = 0.50000	CLs  = 0.00000
At r = 2.343665:	q_mu = 35.35032	q_A  = 35.35045	CLsb = 0.00000	CLb  = 0.50000	CLs  = 0.00000
At r = 1.172834:	q_mu = 11.01113	q_A  = 11.01122	CLsb = 0.00045	CLb  = 0.50001	CLs  = 0.00091
At r = 0.587419:	q_mu = 2.81085	q_A  = 2.81091	CLsb = 0.04681	CLb  = 0.50001	CLs  = 0.09363
At r = 0.880127:	q_mu = 6.35322	q_A  = 6.35330	CLsb = 0.00586	CLb  = 0.50001	CLs  = 0.01172
At r = 0.733773:	q_mu = 4.42200	q_A  = 4.42207	CLsb = 0.01774	CLb  = 0.50001	CLs  = 0.03548
At r = 0.663105:	q_mu = 3.60172	q_A  = 3.60179	CLsb = 0.02886	CLb  = 0.50001	CLs  = 0.05772
At r = 0.693915:	q_mu = 3.94988	q_A  = 3.94995	CLsb = 0.02344	CLb  = 0.50001	CLs  = 0.04687
At r = 0.680107:	q_mu = 3.79201	q_A  = 3.79208	CLsb = 0.02575	CLb  = 0.50001	CLs  = 0.05150
At r = 0.686333:	q_mu = 3.86283	q_A  = 3.86290	CLsb = 0.02468	CLb  = 0.50001	CLs  = 0.04937
At r = 0.683585:	q_mu = 3.83149	q_A  = 3.83156	CLsb = 0.02515	CLb  = 0.50001	CLs  = 0.05030

 -- Asymptotic -- 
Observed Limit: r < 0.6836
Expected  2.5%: r < 0.3816
Expected 16.0%: r < 0.4980
Expected 50.0%: r < 0.6855
Expected 84.0%: r < 0.9506
Expected 97.5%: r < 1.2917

Done in 0.01 min (cpu), 0.02 min (real)
