>>> including systematics
>>> method used to compute upper limit is Asymptotic
>>> random number generator seed is 123456
Computing limit starting from observation
Will compute both limit(s) using minimizer Minuit2 with strategy 0 and tolerance 0.01
Median for expected limits: 0.462891
Sigma  for expected limits: 0.236173
Restricting r to positive values.

Make global fit of real data
NLL at global minimum of data: -2654.72 (r = 0.237317)

Make global fit of asimov data
NLL at global minimum of asimov: -2618.32 (r = 0.00101691)
At r = 1.437317:	q_mu = 26.30783	q_A  = 35.60583	CLsb = 0.00000	CLb  = 0.79897	CLs  = 0.00000
At r = 0.837317:	q_mu = 7.61901	q_A  = 13.37545	CLsb = 0.00289	CLb  = 0.81514	CLs  = 0.00354
At r = 0.537317:	q_mu = 1.92531	q_A  = 5.34733	CLsb = 0.08264	CLb  = 0.82248	CLs  = 0.10047
At r = 0.687317:	q_mu = 4.34771	q_A  = 8.98491	CLsb = 0.01853	CLb  = 0.81921	CLs  = 0.02262
At r = 0.623478:	q_mu = 3.20479	q_A  = 7.33548	CLsb = 0.03671	CLb  = 0.82075	CLs  = 0.04473
At r = 0.596758:	q_mu = 2.77479	q_A  = 6.68858	CLsb = 0.04788	CLb  = 0.82133	CLs  = 0.05830
At r = 0.609145:	q_mu = 2.97049	q_A  = 6.98516	CLsb = 0.04240	CLb  = 0.82107	CLs  = 0.05164
At r = 0.614585:	q_mu = 3.05842	q_A  = 7.11723	CLsb = 0.04016	CLb  = 0.82095	CLs  = 0.04892
At r = 0.611738:	q_mu = 3.01225	q_A  = 7.04798	CLsb = 0.04132	CLb  = 0.82101	CLs  = 0.05033

 -- Asymptotic -- 
Observed Limit: r < 0.6117
Expected  2.5%: r < 0.2667
Expected 16.0%: r < 0.3449
Expected 50.0%: r < 0.4629
Expected 84.0%: r < 0.6271
Expected 97.5%: r < 0.8253

Done in 0.01 min (cpu), 0.01 min (real)
