>>> including systematics
>>> method used to compute upper limit is Asymptotic
>>> random number generator seed is 123456
Computing limit starting from observation
Will compute both limit(s) using minimizer Minuit2 with strategy 0 and tolerance 0.01
Median for expected limits: 0.34082
Sigma  for expected limits: 0.173891
Restricting r to positive values.

Make global fit of real data
NLL at global minimum of data: -2228.94 (r = 0.00461868)

Make global fit of asimov data
NLL at global minimum of asimov: -2228.94 (r = 0.000609032)
At r = 1.204619:	q_mu = 39.70777	q_A  = 39.70827	CLsb = 0.00000	CLb  = 0.50002	CLs  = 0.00000
At r = 0.604619:	q_mu = 12.08937	q_A  = 12.08990	CLsb = 0.00025	CLb  = 0.50003	CLs  = 0.00051
At r = 0.304619:	q_mu = 3.04092	q_A  = 3.04149	CLsb = 0.04059	CLb  = 0.50006	CLs  = 0.08118
At r = 0.454619:	q_mu = 6.91514	q_A  = 6.91569	CLsb = 0.00427	CLb  = 0.50004	CLs  = 0.00855
At r = 0.379619:	q_mu = 4.79479	q_A  = 4.79534	CLsb = 0.01427	CLb  = 0.50005	CLs  = 0.02854
At r = 0.347438:	q_mu = 3.99528	q_A  = 3.99584	CLsb = 0.02281	CLb  = 0.50006	CLs  = 0.04562
At r = 0.333428:	q_mu = 3.66904	q_A  = 3.66960	CLsb = 0.02772	CLb  = 0.50006	CLs  = 0.05543
At r = 0.339360:	q_mu = 3.80554	q_A  = 3.80610	CLsb = 0.02554	CLb  = 0.50006	CLs  = 0.05108
At r = 0.342196:	q_mu = 3.87163	q_A  = 3.87219	CLsb = 0.02455	CLb  = 0.50006	CLs  = 0.04910
At r = 0.340587:	q_mu = 3.83407	q_A  = 3.83463	CLsb = 0.02511	CLb  = 0.50006	CLs  = 0.05021

 -- Asymptotic -- 
Observed Limit: r < 0.3406
Expected  2.5%: r < 0.1910
Expected 16.0%: r < 0.2507
Expected 50.0%: r < 0.3408
Expected 84.0%: r < 0.4699
Expected 97.5%: r < 0.6314

Done in 0.01 min (cpu), 0.01 min (real)
