>>> including systematics
>>> method used to compute upper limit is Asymptotic
>>> random number generator seed is 123456
Computing limit starting from observation
Will compute both limit(s) using minimizer Minuit2 with strategy 0 and tolerance 0.01
Median for expected limits: 0.34082
Sigma  for expected limits: 0.173891
Restricting r to positive values.

Make global fit of real data
NLL at global minimum of data: -2228.94 (r = 0.00462812)

Make global fit of asimov data
NLL at global minimum of asimov: -2228.94 (r = 0.000613763)
At r = 1.204628:	q_mu = 39.71150	q_A  = 39.71199	CLsb = 0.00000	CLb  = 0.50002	CLs  = 0.00000
At r = 0.604628:	q_mu = 12.09018	q_A  = 12.09072	CLsb = 0.00025	CLb  = 0.50003	CLs  = 0.00051
At r = 0.304628:	q_mu = 3.04115	q_A  = 3.04172	CLsb = 0.04059	CLb  = 0.50006	CLs  = 0.08117
At r = 0.454628:	q_mu = 6.91560	q_A  = 6.91615	CLsb = 0.00427	CLb  = 0.50004	CLs  = 0.00854
At r = 0.379628:	q_mu = 4.79511	q_A  = 4.79567	CLsb = 0.01427	CLb  = 0.50005	CLs  = 0.02854
At r = 0.347438:	q_mu = 3.99534	q_A  = 3.99590	CLsb = 0.02281	CLb  = 0.50006	CLs  = 0.04562
At r = 0.333428:	q_mu = 3.66909	q_A  = 3.66965	CLsb = 0.02772	CLb  = 0.50006	CLs  = 0.05542
At r = 0.339359:	q_mu = 3.80555	q_A  = 3.80611	CLsb = 0.02554	CLb  = 0.50006	CLs  = 0.05108
At r = 0.342194:	q_mu = 3.87164	q_A  = 3.87221	CLsb = 0.02455	CLb  = 0.50006	CLs  = 0.04910
At r = 0.340585:	q_mu = 3.83408	q_A  = 3.83464	CLsb = 0.02511	CLb  = 0.50006	CLs  = 0.05021

 -- Asymptotic -- 
Observed Limit: r < 0.3406
Expected  2.5%: r < 0.1910
Expected 16.0%: r < 0.2507
Expected 50.0%: r < 0.3408
Expected 84.0%: r < 0.4699
Expected 97.5%: r < 0.6314

Done in 0.01 min (cpu), 0.01 min (real)
