>>> including systematics
>>> method used to compute upper limit is Asymptotic
>>> random number generator seed is 123456
Computing limit starting from observation
Will compute both limit(s) using minimizer Minuit2 with strategy 0 and tolerance 0.01
Median for expected limits: 0.378906
Sigma  for expected limits: 0.193323
Restricting r to positive values.

Make global fit of real data
NLL at global minimum of data: -2228.94 (r = 9.24048e-05)

Make global fit of asimov data
NLL at global minimum of asimov: -2228.94 (r = 9.40689e-05)
At r = 1.200092:	q_mu = 34.44791	q_A  = 34.44782	CLsb = 0.00000	CLb  = 0.50000	CLs  = 0.00000
At r = 0.600092:	q_mu = 9.79924	q_A  = 9.79919	CLsb = 0.00087	CLb  = 0.50000	CLs  = 0.00175
At r = 0.300092:	q_mu = 2.35421	q_A  = 2.35419	CLsb = 0.06247	CLb  = 0.50000	CLs  = 0.12495
At r = 0.450092:	q_mu = 5.48492	q_A  = 5.48489	CLsb = 0.00959	CLb  = 0.50000	CLs  = 0.01918
At r = 0.388740:	q_mu = 4.05149	q_A  = 4.05147	CLsb = 0.02207	CLb  = 0.50000	CLs  = 0.04413
At r = 0.362504:	q_mu = 3.50280	q_A  = 3.50277	CLsb = 0.03063	CLb  = 0.50000	CLs  = 0.06127
At r = 0.375506:	q_mu = 3.76980	q_A  = 3.76977	CLsb = 0.02609	CLb  = 0.50000	CLs  = 0.05219
At r = 0.380856:	q_mu = 3.88247	q_A  = 3.88244	CLsb = 0.02440	CLb  = 0.50000	CLs  = 0.04879
At r = 0.378230:	q_mu = 3.82697	q_A  = 3.82694	CLsb = 0.02522	CLb  = 0.50000	CLs  = 0.05043
At r = 0.379305:	q_mu = 3.84963	q_A  = 3.84960	CLsb = 0.02488	CLb  = 0.50000	CLs  = 0.04976

 -- Asymptotic -- 
Observed Limit: r < 0.3793
Expected  2.5%: r < 0.2131
Expected 16.0%: r < 0.2792
Expected 50.0%: r < 0.3789
Expected 84.0%: r < 0.5224
Expected 97.5%: r < 0.6971

Done in 0.01 min (cpu), 0.01 min (real)
