>>> including systematics
>>> method used to compute upper limit is Asymptotic
>>> random number generator seed is 123456
Computing limit starting from observation
Will compute both limit(s) using minimizer Minuit2 with strategy 0 and tolerance 0.01
Median for expected limits: 0.412109
Sigma  for expected limits: 0.210264
Restricting r to positive values.

Make global fit of real data
NLL at global minimum of data: -2629.9 (r = 0.238476)

Make global fit of asimov data
NLL at global minimum of asimov: -2581.05 (r = 1.21484e-07)
At r = 1.438476:	q_mu = 29.94065	q_A  = 41.93348	CLsb = 0.00000	CLb  = 0.84226	CLs  = 0.00000
At r = 0.838476:	q_mu = 9.02432	q_A  = 16.47002	CLsb = 0.00133	CLb  = 0.85412	CLs  = 0.00156
At r = 0.538476:	q_mu = 2.36377	q_A  = 6.81120	CLsb = 0.06209	CLb  = 0.85822	CLs  = 0.07235
At r = 0.688476:	q_mu = 5.23360	q_A  = 11.24343	CLsb = 0.01108	CLb  = 0.85666	CLs  = 0.01293
At r = 0.613476:	q_mu = 3.67168	q_A  = 8.91498	CLsb = 0.02767	CLb  = 0.85761	CLs  = 0.03227
At r = 0.580930:	q_mu = 3.07162	q_A  = 7.97296	CLsb = 0.03984	CLb  = 0.85792	CLs  = 0.04643
At r = 0.566769:	q_mu = 2.82592	q_A  = 7.57684	CLsb = 0.04638	CLb  = 0.85804	CLs  = 0.05405
At r = 0.572577:	q_mu = 2.92554	q_A  = 7.73826	CLsb = 0.04359	CLb  = 0.85799	CLs  = 0.05081
At r = 0.575438:	q_mu = 2.97520	q_A  = 7.81832	CLsb = 0.04227	CLb  = 0.85797	CLs  = 0.04927
At r = 0.573774:	q_mu = 2.94627	q_A  = 7.77171	CLsb = 0.04304	CLb  = 0.85798	CLs  = 0.05016

 -- Asymptotic -- 
Observed Limit: r < 0.5738
Expected  2.5%: r < 0.2236
Expected 16.0%: r < 0.2974
Expected 50.0%: r < 0.4121
Expected 84.0%: r < 0.5724
Expected 97.5%: r < 0.7605

Done in 0.01 min (cpu), 0.01 min (real)
