>>> including systematics
>>> method used to compute upper limit is Asymptotic
>>> random number generator seed is 123456
Computing limit starting from observation
Will compute both limit(s) using minimizer Minuit2 with strategy 0 and tolerance 0.01
Median for expected limits: 0.307617
Sigma  for expected limits: 0.15695
Restricting r to positive values.

Make global fit of real data
NLL at global minimum of data: -2020.9 (r = 1.06753e-05)

Make global fit of asimov data
NLL at global minimum of asimov: -2020.9 (r = 5.08165e-06)
At r = 37.406252:	q_mu = 3672.47622	q_A  = 3672.47067	CLsb = 0.00000	CLb  = 0.49998	CLs  = 0.00000
At r = 18.703131:	q_mu = 1521.07364	q_A  = 1521.07327	CLsb = 0.00000	CLb  = 0.50000	CLs  = 0.00000
At r = 9.351571:	q_mu = 646.99524	q_A  = 646.99497	CLsb = 0.00000	CLb  = 0.50000	CLs  = 0.00000
At r = 4.675791:	q_mu = 291.97979	q_A  = 291.97960	CLsb = 0.00000	CLb  = 0.50000	CLs  = 0.00000
At r = 2.337901:	q_mu = 119.83374	q_A  = 119.83359	CLsb = 0.00000	CLb  = 0.50000	CLs  = 0.00000
At r = 1.168956:	q_mu = 46.13151	q_A  = 46.13142	CLsb = 0.00000	CLb  = 0.50000	CLs  = 0.00000
At r = 0.584483:	q_mu = 13.89362	q_A  = 13.89356	CLsb = 0.00010	CLb  = 0.50000	CLs  = 0.00019
At r = 0.292247:	q_mu = 3.46016	q_A  = 3.46013	CLsb = 0.03143	CLb  = 0.50000	CLs  = 0.06286
At r = 0.438365:	q_mu = 7.92357	q_A  = 7.92353	CLsb = 0.00244	CLb  = 0.50000	CLs  = 0.00488
At r = 0.365306:	q_mu = 5.47942	q_A  = 5.47938	CLsb = 0.00962	CLb  = 0.50000	CLs  = 0.01924
At r = 0.318162:	q_mu = 4.12525	q_A  = 4.12522	CLsb = 0.02112	CLb  = 0.50000	CLs  = 0.04225
At r = 0.304191:	q_mu = 3.75955	q_A  = 3.75952	CLsb = 0.02625	CLb  = 0.50000	CLs  = 0.05251
At r = 0.309501:	q_mu = 3.89657	q_A  = 3.89655	CLsb = 0.02419	CLb  = 0.50000	CLs  = 0.04838
At r = 0.306733:	q_mu = 3.82484	q_A  = 3.82482	CLsb = 0.02525	CLb  = 0.50000	CLs  = 0.05050
At r = 0.307800:	q_mu = 3.85243	q_A  = 3.85240	CLsb = 0.02484	CLb  = 0.50000	CLs  = 0.04967

 -- Asymptotic -- 
Observed Limit: r < 0.3078
Expected  2.5%: r < 0.1706
Expected 16.0%: r < 0.2252
Expected 50.0%: r < 0.3076
Expected 84.0%: r < 0.4241
Expected 97.5%: r < 0.5659

Done in 0.01 min (cpu), 0.01 min (real)
