>>> including systematics
>>> method used to compute upper limit is Asymptotic
>>> random number generator seed is 123456
Computing limit starting from observation
Will compute both limit(s) using minimizer Minuit2 with strategy 0 and tolerance 0.01
Median for expected limits: 0.338867
Sigma  for expected limits: 0.172895
Restricting r to positive values.

Make global fit of real data
NLL at global minimum of data: -2201.19 (r = 0.0045048)

Make global fit of asimov data
NLL at global minimum of asimov: -2201.19 (r = 0.000799876)
At r = 1.204505:	q_mu = 40.23901	q_A  = 40.23968	CLsb = 0.00000	CLb  = 0.50002	CLs  = 0.00000
At r = 0.604505:	q_mu = 12.28984	q_A  = 12.29046	CLsb = 0.00023	CLb  = 0.50004	CLs  = 0.00046
At r = 0.304505:	q_mu = 3.09314	q_A  = 3.09373	CLsb = 0.03931	CLb  = 0.50007	CLs  = 0.07861
At r = 0.454505:	q_mu = 7.03420	q_A  = 7.03481	CLsb = 0.00400	CLb  = 0.50005	CLs  = 0.00800
At r = 0.379505:	q_mu = 4.87784	q_A  = 4.87844	CLsb = 0.01360	CLb  = 0.50005	CLs  = 0.02720
At r = 0.345087:	q_mu = 4.01046	q_A  = 4.01106	CLsb = 0.02261	CLb  = 0.50006	CLs  = 0.04521
At r = 0.331065:	q_mu = 3.68035	q_A  = 3.68095	CLsb = 0.02753	CLb  = 0.50006	CLs  = 0.05505
At r = 0.339353:	q_mu = 3.87381	q_A  = 3.87440	CLsb = 0.02452	CLb  = 0.50006	CLs  = 0.04904
At r = 0.336582:	q_mu = 3.80861	q_A  = 3.80921	CLsb = 0.02549	CLb  = 0.50006	CLs  = 0.05098
At r = 0.337693:	q_mu = 3.83468	q_A  = 3.83528	CLsb = 0.02510	CLb  = 0.50006	CLs  = 0.05020

 -- Asymptotic -- 
Observed Limit: r < 0.3377
Expected  2.5%: r < 0.1900
Expected 16.0%: r < 0.2470
Expected 50.0%: r < 0.3389
Expected 84.0%: r < 0.4672
Expected 97.5%: r < 0.6234

Done in 0.01 min (cpu), 0.01 min (real)
