>>> including systematics
>>> method used to compute upper limit is Asymptotic
>>> random number generator seed is 123456
Computing limit starting from observation
Will compute both limit(s) using minimizer Minuit2 with strategy 0 and tolerance 0.01
Median for expected limits: 0.416016
Sigma  for expected limits: 0.212257
Restricting r to positive values.

Make global fit of real data
NLL at global minimum of data: -2654.72 (r = 0.212063)

Make global fit of asimov data
NLL at global minimum of asimov: -2618.32 (r = 0.00115604)
At r = 1.412063:	q_mu = 30.04224	q_A  = 39.73184	CLsb = 0.00000	CLb  = 0.79453	CLs  = 0.00000
At r = 0.812063:	q_mu = 9.13941	q_A  = 15.28670	CLsb = 0.00125	CLb  = 0.81237	CLs  = 0.00154
At r = 0.512063:	q_mu = 2.36374	q_A  = 6.04643	CLsb = 0.06209	CLb  = 0.82161	CLs  = 0.07557
At r = 0.662063:	q_mu = 5.28376	q_A  = 10.26462	CLsb = 0.01076	CLb  = 0.81732	CLs  = 0.01317
At r = 0.587063:	q_mu = 3.69307	q_A  = 8.04066	CLsb = 0.02732	CLb  = 0.81961	CLs  = 0.03333
At r = 0.542341:	q_mu = 2.86730	q_A  = 6.82201	CLsb = 0.04520	CLb  = 0.82084	CLs  = 0.05506
At r = 0.558161:	q_mu = 3.14842	q_A  = 7.24335	CLsb = 0.03800	CLb  = 0.82042	CLs  = 0.04632
At r = 0.549399:	q_mu = 2.99123	q_A  = 7.00866	CLsb = 0.04186	CLb  = 0.82066	CLs  = 0.05101
At r = 0.552600:	q_mu = 3.04821	q_A  = 7.09400	CLsb = 0.04041	CLb  = 0.82057	CLs  = 0.04925
At r = 0.550855:	q_mu = 3.01709	q_A  = 7.04742	CLsb = 0.04120	CLb  = 0.82062	CLs  = 0.05020

 -- Asymptotic -- 
Observed Limit: r < 0.5509
Expected  2.5%: r < 0.2381
Expected 16.0%: r < 0.3090
Expected 50.0%: r < 0.4160
Expected 84.0%: r < 0.5636
Expected 97.5%: r < 0.7472

Done in 0.01 min (cpu), 0.01 min (real)
