>>> including systematics
>>> method used to compute upper limit is Asymptotic
>>> random number generator seed is 123456
Computing limit starting from observation
Will compute both limit(s) using minimizer Minuit2 with strategy 0 and tolerance 0.01
Median for expected limits: 0.490234
Sigma  for expected limits: 0.250124
Restricting r to positive values.

Make global fit of real data
NLL at global minimum of data: -2228.94 (r = 0.00644072)

Make global fit of asimov data
NLL at global minimum of asimov: -2228.94 (r = 0.00118281)
At r = 1.206441:	q_mu = 20.70065	q_A  = 20.70115	CLsb = 0.00000	CLb  = 0.50002	CLs  = 0.00001
At r = 0.606441:	q_mu = 5.90443	q_A  = 5.90496	CLsb = 0.00755	CLb  = 0.50004	CLs  = 0.01510
At r = 0.306441:	q_mu = 1.46026	q_A  = 1.46081	CLsb = 0.11344	CLb  = 0.50009	CLs  = 0.22685
At r = 0.456441:	q_mu = 3.34242	q_A  = 3.34296	CLsb = 0.03376	CLb  = 0.50006	CLs  = 0.06751
At r = 0.510499:	q_mu = 4.19170	q_A  = 4.19224	CLsb = 0.02031	CLb  = 0.50005	CLs  = 0.04062
At r = 0.481997:	q_mu = 3.73297	q_A  = 3.73351	CLsb = 0.02667	CLb  = 0.50006	CLs  = 0.05334
At r = 0.493111:	q_mu = 3.90900	q_A  = 3.90953	CLsb = 0.02401	CLb  = 0.50005	CLs  = 0.04802
At r = 0.487474:	q_mu = 3.81925	q_A  = 3.81979	CLsb = 0.02533	CLb  = 0.50005	CLs  = 0.05066
At r = 0.489709:	q_mu = 3.85473	q_A  = 3.85527	CLsb = 0.02480	CLb  = 0.50005	CLs  = 0.04960
At r = 0.488584:	q_mu = 3.83685	q_A  = 3.83739	CLsb = 0.02507	CLb  = 0.50005	CLs  = 0.05013

 -- Asymptotic -- 
Observed Limit: r < 0.4886
Expected  2.5%: r < 0.2710
Expected 16.0%: r < 0.3549
Expected 50.0%: r < 0.4902
Expected 84.0%: r < 0.6798
Expected 97.5%: r < 0.9237

Done in 0.01 min (cpu), 0.01 min (real)
