>>> including systematics
>>> method used to compute upper limit is Asymptotic
>>> random number generator seed is 123456
Computing limit starting from observation
Will compute both limit(s) using minimizer Minuit2 with strategy 0 and tolerance 0.01
Median for expected limits: 0.917969
Sigma  for expected limits: 0.46836
Restricting r to positive values.

Make global fit of real data
NLL at global minimum of data: -2201.19 (r = 0.0101316)

Make global fit of asimov data
NLL at global minimum of asimov: -2201.19 (r = 0.00191836)
At r = 2.001563:	q_mu = 17.50966	q_A  = 17.51016	CLsb = 0.00001	CLb  = 0.50002	CLs  = 0.00003
At r = 1.005847:	q_mu = 4.63713	q_A  = 4.63758	CLsb = 0.01564	CLb  = 0.50004	CLs  = 0.03128
At r = 0.507989:	q_mu = 1.10528	q_A  = 1.10572	CLsb = 0.14655	CLb  = 0.50008	CLs  = 0.29306
At r = 0.756918:	q_mu = 2.58019	q_A  = 2.58064	CLsb = 0.05410	CLb  = 0.50006	CLs  = 0.10820
At r = 0.880807:	q_mu = 3.53434	q_A  = 3.53479	CLsb = 0.03006	CLb  = 0.50005	CLs  = 0.06010
At r = 0.934013:	q_mu = 3.98638	q_A  = 3.98684	CLsb = 0.02293	CLb  = 0.50005	CLs  = 0.04587
At r = 0.909784:	q_mu = 3.77732	q_A  = 3.77777	CLsb = 0.02598	CLb  = 0.50005	CLs  = 0.05195
At r = 0.920577:	q_mu = 3.86978	q_A  = 3.87023	CLsb = 0.02458	CLb  = 0.50005	CLs  = 0.04916
At r = 0.915762:	q_mu = 3.82840	q_A  = 3.82886	CLsb = 0.02520	CLb  = 0.50005	CLs  = 0.05039
At r = 0.917926:	q_mu = 3.84698	q_A  = 3.84743	CLsb = 0.02492	CLb  = 0.50005	CLs  = 0.04983

 -- Asymptotic -- 
Observed Limit: r < 0.9179
Expected  2.5%: r < 0.5146
Expected 16.0%: r < 0.6690
Expected 50.0%: r < 0.9180
Expected 84.0%: r < 1.2729
Expected 97.5%: r < 1.7059

Done in 0.01 min (cpu), 0.01 min (real)
