>>> including systematics
>>> method used to compute upper limit is Asymptotic
>>> random number generator seed is 123456
Computing limit starting from observation
Will compute both limit(s) using minimizer Minuit2 with strategy 0 and tolerance 0.01
Median for expected limits: 0.917969
Sigma  for expected limits: 0.46836
Restricting r to positive values.

Make global fit of real data
NLL at global minimum of data: -2201.19 (r = 0.0101261)

Make global fit of asimov data
NLL at global minimum of asimov: -2201.19 (r = 0.00191481)
At r = 2.003670:	q_mu = 17.54505	q_A  = 17.54554	CLsb = 0.00001	CLb  = 0.50002	CLs  = 0.00003
At r = 1.006898:	q_mu = 4.64717	q_A  = 4.64762	CLsb = 0.01555	CLb  = 0.50004	CLs  = 0.03110
At r = 0.508512:	q_mu = 1.10770	q_A  = 1.10814	CLsb = 0.14629	CLb  = 0.50008	CLs  = 0.29253
At r = 0.757705:	q_mu = 2.58591	q_A  = 2.58636	CLsb = 0.05391	CLb  = 0.50006	CLs  = 0.10781
At r = 0.880922:	q_mu = 3.53540	q_A  = 3.53585	CLsb = 0.03004	CLb  = 0.50005	CLs  = 0.06007
At r = 0.934204:	q_mu = 3.98819	q_A  = 3.98864	CLsb = 0.02291	CLb  = 0.50005	CLs  = 0.04582
At r = 0.909793:	q_mu = 3.77753	q_A  = 3.77798	CLsb = 0.02597	CLb  = 0.50005	CLs  = 0.05194
At r = 0.920602:	q_mu = 3.87014	q_A  = 3.87059	CLsb = 0.02458	CLb  = 0.50005	CLs  = 0.04915
At r = 0.915751:	q_mu = 3.82845	q_A  = 3.82890	CLsb = 0.02519	CLb  = 0.50005	CLs  = 0.05039
At r = 0.917919:	q_mu = 3.84705	q_A  = 3.84750	CLsb = 0.02492	CLb  = 0.50005	CLs  = 0.04983

 -- Asymptotic -- 
Observed Limit: r < 0.9179
Expected  2.5%: r < 0.5146
Expected 16.0%: r < 0.6690
Expected 50.0%: r < 0.9180
Expected 84.0%: r < 1.2729
Expected 97.5%: r < 1.7059

Done in 0.01 min (cpu), 0.01 min (real)
