>>> including systematics
>>> method used to compute upper limit is Asymptotic
>>> random number generator seed is 123456
Computing limit starting from observation
Will compute both limit(s) using minimizer Minuit2 with strategy 0 and tolerance 0.01
Median for expected limits: 0.525391
Sigma  for expected limits: 0.268061
Restricting r to positive values.

Make global fit of real data
NLL at global minimum of data: -2630.82 (r = 0.302591)

Make global fit of asimov data
NLL at global minimum of asimov: -2581.97 (r = 0.000904695)
At r = 1.502591:	q_mu = 17.79151	q_A  = 27.39095	CLsb = 0.00001	CLb  = 0.84510	CLs  = 0.00001
At r = 0.902591:	q_mu = 5.34715	q_A  = 11.35979	CLsb = 0.01038	CLb  = 0.85498	CLs  = 0.01214
At r = 0.602591:	q_mu = 1.41640	q_A  = 5.11409	CLsb = 0.11700	CLb  = 0.85798	CLs  = 0.13636
At r = 0.752591:	q_mu = 3.11324	q_A  = 8.01728	CLsb = 0.03883	CLb  = 0.85702	CLs  = 0.04531
At r = 0.711857:	q_mu = 2.59524	q_A  = 7.18238	CLsb = 0.05359	CLb  = 0.85747	CLs  = 0.06250
At r = 0.734461:	q_mu = 2.87765	q_A  = 7.64146	CLsb = 0.04491	CLb  = 0.85723	CLs  = 0.05239
At r = 0.742747:	q_mu = 2.98433	q_A  = 7.81240	CLsb = 0.04204	CLb  = 0.85714	CLs  = 0.04904
At r = 0.739149:	q_mu = 2.93780	q_A  = 7.73799	CLsb = 0.04326	CLb  = 0.85718	CLs  = 0.05047
At r = 0.740812:	q_mu = 2.95927	q_A  = 7.77235	CLsb = 0.04269	CLb  = 0.85716	CLs  = 0.04981

 -- Asymptotic -- 
Observed Limit: r < 0.7408
Expected  2.5%: r < 0.2851
Expected 16.0%: r < 0.3792
Expected 50.0%: r < 0.5254
Expected 84.0%: r < 0.7298
Expected 97.5%: r < 0.9696

Done in 0.01 min (cpu), 0.01 min (real)
