>>> including systematics
>>> method used to compute upper limit is Asymptotic
>>> random number generator seed is 123456
Computing limit starting from observation
Will compute both limit(s) using minimizer Minuit2 with strategy 0 and tolerance 0.01
Median for expected limits: 0.693359
Sigma  for expected limits: 0.353761
Restricting r to positive values.

Make global fit of real data
NLL at global minimum of data: -2236.49 (r = 0.00106121)

Make global fit of asimov data
NLL at global minimum of asimov: -2236.5 (r = 0.000914615)
At r = 38.647836:	q_mu = 998.03822	q_A  = 998.00638	CLsb = 0.00000	CLb  = 0.49980	CLs  = 0.00000
At r = 19.324449:	q_mu = 449.98903	q_A  = 449.99000	CLsb = 0.00000	CLb  = 0.50001	CLs  = 0.00000
At r = 9.662755:	q_mu = 200.02938	q_A  = 200.03017	CLsb = 0.00000	CLb  = 0.50001	CLs  = 0.00000
At r = 4.831908:	q_mu = 88.11476	q_A  = 88.11467	CLsb = 0.00000	CLb  = 0.50000	CLs  = 0.00000
At r = 2.416485:	q_mu = 35.47476	q_A  = 35.47471	CLsb = 0.00000	CLb  = 0.50000	CLs  = 0.00000
At r = 1.208773:	q_mu = 11.22322	q_A  = 11.22320	CLsb = 0.00040	CLb  = 0.50000	CLs  = 0.00081
At r = 0.604917:	q_mu = 2.90589	q_A  = 2.90589	CLsb = 0.04413	CLb  = 0.50000	CLs  = 0.08826
At r = 0.906845:	q_mu = 6.51873	q_A  = 6.51872	CLsb = 0.00534	CLb  = 0.50000	CLs  = 0.01067
At r = 0.755881:	q_mu = 4.55420	q_A  = 4.55420	CLsb = 0.01642	CLb  = 0.50000	CLs  = 0.03284
At r = 0.674330:	q_mu = 3.62184	q_A  = 3.62184	CLsb = 0.02851	CLb  = 0.50000	CLs  = 0.05703
At r = 0.706182:	q_mu = 3.97458	q_A  = 3.97458	CLsb = 0.02310	CLb  = 0.50000	CLs  = 0.04619
At r = 0.690231:	q_mu = 3.79607	q_A  = 3.79607	CLsb = 0.02569	CLb  = 0.50000	CLs  = 0.05137
At r = 0.696672:	q_mu = 3.86771	q_A  = 3.86771	CLsb = 0.02461	CLb  = 0.50000	CLs  = 0.04922
At r = 0.693497:	q_mu = 3.83233	q_A  = 3.83232	CLsb = 0.02514	CLb  = 0.50000	CLs  = 0.05027

 -- Asymptotic -- 
Observed Limit: r < 0.6935
Expected  2.5%: r < 0.3832
Expected 16.0%: r < 0.5044
Expected 50.0%: r < 0.6934
Expected 84.0%: r < 0.9670
Expected 97.5%: r < 1.3192

Done in 0.01 min (cpu), 0.01 min (real)
