>>> including systematics
>>> method used to compute upper limit is Asymptotic
>>> random number generator seed is 123456
Computing limit starting from observation
Will compute both limit(s) using minimizer Minuit2 with strategy 0 and tolerance 0.01
Median for expected limits: 0.34082
Sigma  for expected limits: 0.173891
Restricting r to positive values.

Make global fit of real data
NLL at global minimum of data: -2219.42 (r = 0.00473738)

Make global fit of asimov data
NLL at global minimum of asimov: -2219.42 (r = 0.00062956)
At r = 1.204737:	q_mu = 39.80484	q_A  = 39.80558	CLsb = 0.00000	CLb  = 0.50002	CLs  = 0.00000
At r = 0.604737:	q_mu = 12.12227	q_A  = 12.12296	CLsb = 0.00025	CLb  = 0.50004	CLs  = 0.00050
At r = 0.304737:	q_mu = 3.04949	q_A  = 3.05016	CLsb = 0.04038	CLb  = 0.50008	CLs  = 0.08075
At r = 0.454737:	q_mu = 6.93426	q_A  = 6.93494	CLsb = 0.00423	CLb  = 0.50005	CLs  = 0.00846
At r = 0.379737:	q_mu = 4.80813	q_A  = 4.80881	CLsb = 0.01416	CLb  = 0.50006	CLs  = 0.02832
At r = 0.347188:	q_mu = 3.99766	q_A  = 3.99833	CLsb = 0.02278	CLb  = 0.50007	CLs  = 0.04556
At r = 0.333177:	q_mu = 3.67086	q_A  = 3.67153	CLsb = 0.02769	CLb  = 0.50007	CLs  = 0.05536
At r = 0.339036:	q_mu = 3.80588	q_A  = 3.80654	CLsb = 0.02554	CLb  = 0.50007	CLs  = 0.05107
At r = 0.341872:	q_mu = 3.87207	q_A  = 3.87274	CLsb = 0.02455	CLb  = 0.50007	CLs  = 0.04909
At r = 0.340248:	q_mu = 3.83411	q_A  = 3.83478	CLsb = 0.02511	CLb  = 0.50007	CLs  = 0.05021

 -- Asymptotic -- 
Observed Limit: r < 0.3402
Expected  2.5%: r < 0.1910
Expected 16.0%: r < 0.2496
Expected 50.0%: r < 0.3408
Expected 84.0%: r < 0.4699
Expected 97.5%: r < 0.6314

Done in 0.01 min (cpu), 0.01 min (real)
