>>> including systematics
>>> method used to compute upper limit is Asymptotic
>>> random number generator seed is 123456
Computing limit starting from observation
Will compute both limit(s) using minimizer Minuit2 with strategy 0 and tolerance 0.01
Median for expected limits: 0.34082
Sigma  for expected limits: 0.173891
Restricting r to positive values.

Make global fit of real data
NLL at global minimum of data: -2219.42 (r = 0.00474753)

Make global fit of asimov data
NLL at global minimum of asimov: -2219.42 (r = 0.000641794)
At r = 1.204748:	q_mu = 39.80862	q_A  = 39.80936	CLsb = 0.00000	CLb  = 0.50002	CLs  = 0.00000
At r = 0.604748:	q_mu = 12.12312	q_A  = 12.12381	CLsb = 0.00025	CLb  = 0.50004	CLs  = 0.00050
At r = 0.304748:	q_mu = 3.04974	q_A  = 3.05040	CLsb = 0.04038	CLb  = 0.50008	CLs  = 0.08074
At r = 0.454748:	q_mu = 6.93474	q_A  = 6.93542	CLsb = 0.00423	CLb  = 0.50005	CLs  = 0.00845
At r = 0.379748:	q_mu = 4.80848	q_A  = 4.80915	CLsb = 0.01416	CLb  = 0.50006	CLs  = 0.02832
At r = 0.347188:	q_mu = 3.99772	q_A  = 3.99839	CLsb = 0.02278	CLb  = 0.50007	CLs  = 0.04556
At r = 0.333177:	q_mu = 3.67092	q_A  = 3.67158	CLsb = 0.02768	CLb  = 0.50007	CLs  = 0.05536
At r = 0.339034:	q_mu = 3.80589	q_A  = 3.80655	CLsb = 0.02554	CLb  = 0.50007	CLs  = 0.05107
At r = 0.341870:	q_mu = 3.87208	q_A  = 3.87275	CLsb = 0.02455	CLb  = 0.50007	CLs  = 0.04909
At r = 0.340246:	q_mu = 3.83411	q_A  = 3.83478	CLsb = 0.02511	CLb  = 0.50007	CLs  = 0.05021

 -- Asymptotic -- 
Observed Limit: r < 0.3402
Expected  2.5%: r < 0.1910
Expected 16.0%: r < 0.2496
Expected 50.0%: r < 0.3408
Expected 84.0%: r < 0.4699
Expected 97.5%: r < 0.6314

Done in 0.01 min (cpu), 0.01 min (real)
