>>> including systematics
>>> method used to compute upper limit is Asymptotic
>>> random number generator seed is 123456
Computing limit starting from observation
Will compute both limit(s) using minimizer Minuit2 with strategy 0 and tolerance 0.01
[#0] ERROR:Eval -- RooAbsReal::logEvalError(model_s) evaluation error, 
 origin       : RooProdPdf::model_s[ modelObs_s * nuisancePdf ]
 message      : getLogVal() top-level p.d.f evaluates to zero
 server values: !pdfs=(modelObs_s = 0/1,nuisancePdf = 0.105236)
Median for expected limits: 0.458984
Sigma  for expected limits: 0.23418
Restricting r to positive values.

Make global fit of real data
NLL at global minimum of data: 21.6926 (r = 0.266143)

Make global fit of asimov data
NLL at global minimum of asimov: 21.7667 (r = 0.00117588)
At r = 1.466143:	q_mu = 34.59652	q_A  = 45.38786	CLsb = 0.00000	CLb  = 0.80377	CLs  = 0.00000
At r = 0.866143:	q_mu = 9.17182	q_A  = 16.07694	CLsb = 0.00123	CLb  = 0.83673	CLs  = 0.00147
At r = 0.566143:	q_mu = 2.04417	q_A  = 6.43296	CLsb = 0.07640	CLb  = 0.86576	CLs  = 0.08824
At r = 0.716143:	q_mu = 5.02997	q_A  = 10.71078	CLsb = 0.01246	CLb  = 0.84849	CLs  = 0.01468
At r = 0.641143:	q_mu = 3.35501	q_A  = 8.42928	CLsb = 0.03350	CLb  = 0.85806	CLs  = 0.03904
At r = 0.607940:	q_mu = 2.73011	q_A  = 7.51008	CLsb = 0.04924	CLb  = 0.86173	CLs  = 0.05714
At r = 0.623887:	q_mu = 3.02135	q_A  = 7.94454	CLsb = 0.04109	CLb  = 0.86002	CLs  = 0.04778
At r = 0.617452:	q_mu = 2.90185	q_A  = 7.76767	CLsb = 0.04424	CLb  = 0.86072	CLs  = 0.05140
At r = 0.620681:	q_mu = 2.96147	q_A  = 7.85616	CLsb = 0.04264	CLb  = 0.86037	CLs  = 0.04955
At r = 0.619402:	q_mu = 2.93777	q_A  = 7.82104	CLsb = 0.04326	CLb  = 0.86051	CLs  = 0.05028

 -- Asymptotic -- 
Observed Limit: r < 0.6194
Expected  2.5%: r < 0.2662
Expected 16.0%: r < 0.3461
Expected 50.0%: r < 0.4590
Expected 84.0%: r < 0.6108
Expected 97.5%: r < 0.7856

Done in 0.01 min (cpu), 0.01 min (real)
