Uncertainty effect estimator script
   Getting expected limit with all nuisances
CMS_VBFHinv_ggH_norm
CMS_VBFHinv_puweight
CMS_VBFHinv_qcd_norm
CMS_VBFHinv_qqH_norm
CMS_VBFHinv_tau_eff
CMS_VBFHinv_tau_extrapfacunc
CMS_VBFHinv_top_norm
CMS_VBFHinv_vv_norm
CMS_VBFHinv_vv_xsunc
CMS_VBFHinv_wel_norm
CMS_VBFHinv_wel_stat
CMS_VBFHinv_wmu_norm
CMS_VBFHinv_wmu_stat
CMS_VBFHinv_wtau_norm
CMS_VBFHinv_wtau_stat
CMS_VBFHinv_zvv_norm
CMS_VBFHinv_zvv_stat
CMS_eff_b
CMS_eff_e
CMS_eff_m
CMS_p_scale_e
CMS_p_scale_m
CMS_res_j
CMS_scale_j
CMS_scale_met
CMS_vhbb_BR_Hbb
CMS_vhbb_QCD_SF_ZnunuHighPt_8TeV
CMS_vhbb_QCD_SF_ZnunuLowPt_8TeV
CMS_vhbb_QCD_SF_ZnunuMedPt_8TeV
CMS_vhbb_TTModel_Znn_8TeV
CMS_vhbb_TT_SF_ZnunuHighPt_8TeV
CMS_vhbb_TT_SF_ZnunuLowPt_8TeV
CMS_vhbb_TT_SF_ZnunuMedPt_8TeV
CMS_vhbb_WJSlope_Znn_8TeV
CMS_vhbb_Wj0b_SF_ZnunuHighPt_8TeV
CMS_vhbb_Wj0b_SF_ZnunuLowPt_8TeV
CMS_vhbb_Wj0b_SF_ZnunuMedPt_8TeV
CMS_vhbb_Wj1b_SF_ZnunuHighPt_8TeV
CMS_vhbb_Wj1b_SF_ZnunuLowPt_8TeV
CMS_vhbb_Wj1b_SF_ZnunuMedPt_8TeV
CMS_vhbb_Wj2b_SF_ZnunuHighPt_8TeV
CMS_vhbb_Wj2b_SF_ZnunuLowPt_8TeV
CMS_vhbb_Wj2b_SF_ZnunuMedPt_8TeV
CMS_vhbb_ZJSlope_Znn_8TeV
CMS_vhbb_Zj0b_SF_ZnunuHighPt_8TeV
CMS_vhbb_Zj0b_SF_ZnunuLowPt_8TeV
CMS_vhbb_Zj0b_SF_ZnunuMedPt_8TeV
CMS_vhbb_Zj1b_SF_ZnunuHighPt_8TeV
CMS_vhbb_Zj1b_SF_ZnunuLowPt_8TeV
CMS_vhbb_Zj1b_SF_ZnunuMedPt_8TeV
CMS_vhbb_Zj2bModel_Znn_8TeV
CMS_vhbb_Zj2b_SF_ZnunuHighPt_8TeV
CMS_vhbb_Zj2b_SF_ZnunuLowPt_8TeV
CMS_vhbb_Zj2b_SF_ZnunuMedPt_8TeV
CMS_vhbb_Znn_res_j
CMS_vhbb_Znn_scale_j
CMS_vhbb_boost_EWK_8TeV
CMS_vhbb_boost_QCD_8TeV
CMS_vhbb_eff_b
CMS_vhbb_fake_b_8TeV
CMS_vhbb_s_Top
CMS_vhbb_statQCD_ZnunuHighPt_bin1_8TeV
CMS_vhbb_statQCD_ZnunuHighPt_bin2_8TeV
CMS_vhbb_statQCD_ZnunuHighPt_bin3_8TeV
CMS_vhbb_statQCD_ZnunuLowPt_bin1_8TeV
CMS_vhbb_statQCD_ZnunuLowPt_bin2_8TeV
CMS_vhbb_statQCD_ZnunuLowPt_bin3_8TeV
CMS_vhbb_statQCD_ZnunuLowPt_bin4_8TeV
CMS_vhbb_statQCD_ZnunuLowPt_bin7_8TeV
CMS_vhbb_statQCD_ZnunuMedPt_bin14_8TeV
CMS_vhbb_statQCD_ZnunuMedPt_bin15_8TeV
CMS_vhbb_statQCD_ZnunuMedPt_bin1_8TeV
CMS_vhbb_statQCD_ZnunuMedPt_bin2_8TeV
CMS_vhbb_statQCD_ZnunuMedPt_bin3_8TeV
CMS_vhbb_statQCD_ZnunuMedPt_bin4_8TeV
CMS_vhbb_statQCD_ZnunuMedPt_bin5_8TeV
CMS_vhbb_statQCD_ZnunuMedPt_bin6_8TeV
CMS_vhbb_statQCD_ZnunuMedPt_bin7_8TeV
CMS_vhbb_statTT_ZnunuHighPt_bin16_8TeV
CMS_vhbb_statTT_ZnunuHighPt_bin17_8TeV
CMS_vhbb_statTT_ZnunuMedPt_bin20_8TeV
CMS_vhbb_statVVLF_ZnunuHighPt_bin13_8TeV
CMS_vhbb_statVVLF_ZnunuHighPt_bin14_8TeV
CMS_vhbb_statVVLF_ZnunuHighPt_bin15_8TeV
CMS_vhbb_statVVLF_ZnunuHighPt_bin16_8TeV
CMS_vhbb_statVVLF_ZnunuHighPt_bin17_8TeV
CMS_vhbb_statVVLF_ZnunuHighPt_bin18_8TeV
CMS_vhbb_statVVLF_ZnunuLowPt_bin15_8TeV
CMS_vhbb_statVVLF_ZnunuLowPt_bin16_8TeV
CMS_vhbb_statVVLF_ZnunuLowPt_bin17_8TeV
CMS_vhbb_statVVLF_ZnunuLowPt_bin18_8TeV
CMS_vhbb_statVVLF_ZnunuLowPt_bin19_8TeV
CMS_vhbb_statVVLF_ZnunuMedPt_bin17_8TeV
CMS_vhbb_statVVLF_ZnunuMedPt_bin18_8TeV
CMS_vhbb_statWH_hbb_ZnunuLowPt_bin19_8TeV
CMS_vhbb_statWZ_ZnunuHighPt_bin16_8TeV
CMS_vhbb_statWZ_ZnunuHighPt_bin18_8TeV
CMS_vhbb_statWZ_ZnunuHighPt_bin19_8TeV
CMS_vhbb_statWZ_ZnunuLowPt_bin20_8TeV
CMS_vhbb_statWZ_ZnunuMedPt_bin20_8TeV
CMS_vhbb_statWj0b_ZnunuHighPt_bin16_8TeV
CMS_vhbb_statWj0b_ZnunuHighPt_bin19_8TeV
CMS_vhbb_statWj0b_ZnunuLowPt_bin19_8TeV
CMS_vhbb_statWj0b_ZnunuMedPt_bin19_8TeV
CMS_vhbb_statWj1b_ZnunuHighPt_bin14_8TeV
CMS_vhbb_statWj1b_ZnunuHighPt_bin15_8TeV
CMS_vhbb_statWj1b_ZnunuHighPt_bin16_8TeV
CMS_vhbb_statWj1b_ZnunuHighPt_bin17_8TeV
CMS_vhbb_statWj1b_ZnunuHighPt_bin19_8TeV
CMS_vhbb_statWj1b_ZnunuLowPt_bin13_8TeV
CMS_vhbb_statWj1b_ZnunuLowPt_bin14_8TeV
CMS_vhbb_statWj1b_ZnunuLowPt_bin15_8TeV
CMS_vhbb_statWj1b_ZnunuLowPt_bin16_8TeV
CMS_vhbb_statWj1b_ZnunuLowPt_bin17_8TeV
CMS_vhbb_statWj1b_ZnunuLowPt_bin18_8TeV
CMS_vhbb_statWj1b_ZnunuMedPt_bin13_8TeV
CMS_vhbb_statWj1b_ZnunuMedPt_bin14_8TeV
CMS_vhbb_statWj1b_ZnunuMedPt_bin15_8TeV
CMS_vhbb_statWj1b_ZnunuMedPt_bin16_8TeV
CMS_vhbb_statWj1b_ZnunuMedPt_bin17_8TeV
CMS_vhbb_statWj1b_ZnunuMedPt_bin19_8TeV
CMS_vhbb_statWj2b_ZnunuHighPt_bin19_8TeV
CMS_vhbb_statWj2b_ZnunuHighPt_bin20_8TeV
CMS_vhbb_statWj2b_ZnunuLowPt_bin19_8TeV
CMS_vhbb_statWj2b_ZnunuLowPt_bin20_8TeV
CMS_vhbb_statWj2b_ZnunuMedPt_bin20_8TeV
CMS_vhbb_statZj0b_ZnunuHighPt_bin18_8TeV
CMS_vhbb_statZj0b_ZnunuLowPt_bin19_8TeV
CMS_vhbb_statZj0b_ZnunuLowPt_bin20_8TeV
CMS_vhbb_statZj0b_ZnunuMedPt_bin18_8TeV
CMS_vhbb_statZj0b_ZnunuMedPt_bin19_8TeV
CMS_vhbb_statZj1b_ZnunuHighPt_bin16_8TeV
CMS_vhbb_statZj1b_ZnunuHighPt_bin17_8TeV
CMS_vhbb_statZj1b_ZnunuHighPt_bin18_8TeV
CMS_vhbb_statZj1b_ZnunuLowPt_bin15_8TeV
CMS_vhbb_statZj1b_ZnunuLowPt_bin16_8TeV
CMS_vhbb_statZj1b_ZnunuLowPt_bin19_8TeV
CMS_vhbb_statZj1b_ZnunuMedPt_bin17_8TeV
CMS_vhbb_statZj1b_ZnunuMedPt_bin18_8TeV
CMS_vhbb_statZj1b_ZnunuMedPt_bin19_8TeV
CMS_vhbb_statZj2b_ZnunuHighPt_bin20_8TeV
CMS_vhbb_statZj2b_ZnunuMedPt_bin20_8TeV
CMS_vhbb_stats_Top_ZnunuHighPt_bin13_8TeV
CMS_vhbb_stats_Top_ZnunuHighPt_bin15_8TeV
CMS_vhbb_stats_Top_ZnunuHighPt_bin16_8TeV
CMS_vhbb_stats_Top_ZnunuLowPt_bin18_8TeV
CMS_vhbb_stats_Top_ZnunuMedPt_bin15_8TeV
CMS_vhbb_stats_Top_ZnunuMedPt_bin18_8TeV
CMS_vhbb_stats_Top_ZnunuMedPt_bin19_8TeV
CMS_vhbb_stats_Top_ZnunuMedPt_bin20_8TeV
CMS_vhbb_trigger_CSV_Znn_8TeV
CMS_vhbb_trigger_CSV_fake_Znn_8TeV
CMS_vhbb_trigger_MET_Znn_8TeV
CMS_zllhinv_EM_7TeV
CMS_zllhinv_EM_8TeV
CMS_zllhinv_WZ3l
CMS_zllhinv_ZLL_7TeV
CMS_zllhinv_pu
CMS_zllhinv_stat_EM_8TeV_Bin14
CMS_zllhinv_stat_EM_8TeV_Bin24
CMS_zllhinv_stat_eeeq0jets_WZ_8TeV_Bin12
CMS_zllhinv_stat_eeeq0jets_WZ_8TeV_Bin13
CMS_zllhinv_stat_eeeq0jets_WZ_8TeV_Bin14
CMS_zllhinv_stat_eeeq0jets_WZ_8TeV_Bin15
CMS_zllhinv_stat_eeeq0jets_WZ_8TeV_Bin2
CMS_zllhinv_stat_eeeq0jets_ZH_hinv_8TeV_Bin12
CMS_zllhinv_stat_eeeq0jets_ZH_hinv_8TeV_Bin13
CMS_zllhinv_stat_eeeq0jets_ZH_hinv_8TeV_Bin14
CMS_zllhinv_stat_eeeq0jets_ZH_hinv_8TeV_Bin15
CMS_zllhinv_stat_eeeq0jets_ZH_hinv_8TeV_Bin16
CMS_zllhinv_stat_eeeq0jets_ZH_hinv_8TeV_Bin2
CMS_zllhinv_stat_eeeq0jets_ZH_hinv_8TeV_Bin3
CMS_zllhinv_stat_eeeq0jets_ZZ_8TeV_Bin13
CMS_zllhinv_stat_eeeq0jets_ZZ_8TeV_Bin14
CMS_zllhinv_stat_eeeq1jets_WZ_8TeV_Bin13
CMS_zllhinv_stat_eeeq1jets_WZ_8TeV_Bin14
CMS_zllhinv_stat_eeeq1jets_ZH_hinv_8TeV_Bin13
CMS_zllhinv_stat_eeeq1jets_ZH_hinv_8TeV_Bin14
CMS_zllhinv_stat_eeeq1jets_ZH_hinv_8TeV_Bin15
CMS_zllhinv_stat_eeeq1jets_ZH_hinv_8TeV_Bin16
CMS_zllhinv_stat_eeeq1jets_ZH_hinv_8TeV_Bin17
CMS_zllhinv_stat_eeeq1jets_ZH_hinv_8TeV_Bin3
CMS_zllhinv_stat_eeeq1jets_ZH_hinv_8TeV_Bin6
CMS_zllhinv_stat_eeeq1jets_ZH_hinv_8TeV_Bin7
CMS_zllhinv_stat_eeeq1jets_ZH_hinv_8TeV_Bin9
CMS_zllhinv_stat_eeeq1jets_ZZ_8TeV_Bin13
CMS_zllhinv_stat_eeeq1jets_ZZ_8TeV_Bin14
CMS_zllhinv_stat_eeeq1jets_ZZ_8TeV_Bin15
CMS_zllhinv_stat_eeeq1jets_ZZ_8TeV_Bin16
CMS_zllhinv_stat_eq0jets_Zjets_8TeV
CMS_zllhinv_stat_eq1jets_Zjets_8TeV
CMS_zllhinv_stat_mumueq0jets_WZ_8TeV_Bin13
CMS_zllhinv_stat_mumueq0jets_WZ_8TeV_Bin14
CMS_zllhinv_stat_mumueq0jets_ZH_hinv_8TeV_Bin13
CMS_zllhinv_stat_mumueq0jets_ZH_hinv_8TeV_Bin14
CMS_zllhinv_stat_mumueq0jets_ZH_hinv_8TeV_Bin15
CMS_zllhinv_stat_mumueq0jets_ZZ_8TeV_Bin13
CMS_zllhinv_stat_mumueq0jets_ZZ_8TeV_Bin14
CMS_zllhinv_stat_mumueq1jets_WZ_8TeV_Bin13
CMS_zllhinv_stat_mumueq1jets_WZ_8TeV_Bin14
CMS_zllhinv_stat_mumueq1jets_ZH_hinv_8TeV_Bin13
CMS_zllhinv_stat_mumueq1jets_ZH_hinv_8TeV_Bin14
CMS_zllhinv_stat_mumueq1jets_ZH_hinv_8TeV_Bin15
CMS_zllhinv_stat_mumueq1jets_ZH_hinv_8TeV_Bin16
CMS_zllhinv_stat_mumueq1jets_ZZ_8TeV_Bin13
CMS_zllhinv_stat_mumueq1jets_ZZ_8TeV_Bin14
CMS_zllhinv_stat_mumueq1jets_ZZ_8TeV_Bin15
CMS_zllhinv_sys_Zjets_8TeV
CMS_zllhinvee0j_MVAEMStatBounding_7TeV_Bin0
CMS_zllhinvee0j_MVAEMStatBounding_7TeV_Bin1
CMS_zllhinvee0j_MVAEMStatBounding_7TeV_Bin2
CMS_zllhinvee0j_MVAEMStatBounding_7TeV_Bin3
CMS_zllhinvee0j_MVAWZStatBounding_7TeV_Bin0
CMS_zllhinvee0j_MVAWZStatBounding_7TeV_Bin1
CMS_zllhinvee0j_MVAWZStatBounding_7TeV_Bin2
CMS_zllhinvee0j_MVAWZStatBounding_7TeV_Bin3
CMS_zllhinvee0j_MVAWZStatBounding_7TeV_Bin4
CMS_zllhinvee0j_MVAWZStatBounding_7TeV_Bin5
CMS_zllhinvee0j_MVAWZStatBounding_7TeV_Bin6
CMS_zllhinvee0j_MVAWZStatBounding_7TeV_Bin7
CMS_zllhinvee0j_MVAWZStatBounding_7TeV_Bin8
CMS_zllhinvee0j_MVAWZStatBounding_7TeV_Bin9
CMS_zllhinvee0j_MVAZHStatBounding_7TeV_Bin0
CMS_zllhinvee0j_MVAZHStatBounding_7TeV_Bin1
CMS_zllhinvee0j_MVAZHStatBounding_7TeV_Bin10
CMS_zllhinvee0j_MVAZHStatBounding_7TeV_Bin2
CMS_zllhinvee0j_MVAZHStatBounding_7TeV_Bin3
CMS_zllhinvee0j_MVAZHStatBounding_7TeV_Bin4
CMS_zllhinvee0j_MVAZHStatBounding_7TeV_Bin5
CMS_zllhinvee0j_MVAZHStatBounding_7TeV_Bin6
CMS_zllhinvee0j_MVAZHStatBounding_7TeV_Bin7
CMS_zllhinvee0j_MVAZHStatBounding_7TeV_Bin8
CMS_zllhinvee0j_MVAZHStatBounding_7TeV_Bin9
CMS_zllhinvee0j_MVAZZStatBounding_7TeV_Bin10
CMS_zllhinvee0j_MVAZZStatBounding_7TeV_Bin4
CMS_zllhinvee0j_MVAZZStatBounding_7TeV_Bin5
CMS_zllhinvee0j_MVAZZStatBounding_7TeV_Bin6
CMS_zllhinvee0j_MVAZZStatBounding_7TeV_Bin7
CMS_zllhinvee0j_MVAZZStatBounding_7TeV_Bin8
CMS_zllhinvee0j_MVAZZStatBounding_7TeV_Bin9
CMS_zllhinvee1j_MVAEMStatBounding_7TeV_Bin0
CMS_zllhinvee1j_MVAEMStatBounding_7TeV_Bin1
CMS_zllhinvee1j_MVAEMStatBounding_7TeV_Bin2
CMS_zllhinvee1j_MVAWZStatBounding_7TeV_Bin0
CMS_zllhinvee1j_MVAWZStatBounding_7TeV_Bin1
CMS_zllhinvee1j_MVAWZStatBounding_7TeV_Bin10
CMS_zllhinvee1j_MVAWZStatBounding_7TeV_Bin2
CMS_zllhinvee1j_MVAWZStatBounding_7TeV_Bin3
CMS_zllhinvee1j_MVAWZStatBounding_7TeV_Bin4
CMS_zllhinvee1j_MVAWZStatBounding_7TeV_Bin5
CMS_zllhinvee1j_MVAWZStatBounding_7TeV_Bin6
CMS_zllhinvee1j_MVAWZStatBounding_7TeV_Bin7
CMS_zllhinvee1j_MVAWZStatBounding_7TeV_Bin8
CMS_zllhinvee1j_MVAWZStatBounding_7TeV_Bin9
CMS_zllhinvee1j_MVAZHStatBounding_7TeV_Bin0
CMS_zllhinvee1j_MVAZHStatBounding_7TeV_Bin1
CMS_zllhinvee1j_MVAZHStatBounding_7TeV_Bin10
CMS_zllhinvee1j_MVAZHStatBounding_7TeV_Bin2
CMS_zllhinvee1j_MVAZHStatBounding_7TeV_Bin3
CMS_zllhinvee1j_MVAZHStatBounding_7TeV_Bin4
CMS_zllhinvee1j_MVAZHStatBounding_7TeV_Bin5
CMS_zllhinvee1j_MVAZHStatBounding_7TeV_Bin6
CMS_zllhinvee1j_MVAZHStatBounding_7TeV_Bin7
CMS_zllhinvee1j_MVAZHStatBounding_7TeV_Bin8
CMS_zllhinvee1j_MVAZHStatBounding_7TeV_Bin9
CMS_zllhinvee1j_MVAZZStatBounding_7TeV_Bin0
CMS_zllhinvee1j_MVAZZStatBounding_7TeV_Bin1
CMS_zllhinvee1j_MVAZZStatBounding_7TeV_Bin10
CMS_zllhinvee1j_MVAZZStatBounding_7TeV_Bin2
CMS_zllhinvee1j_MVAZZStatBounding_7TeV_Bin3
CMS_zllhinvee1j_MVAZZStatBounding_7TeV_Bin4
CMS_zllhinvee1j_MVAZZStatBounding_7TeV_Bin5
CMS_zllhinvee1j_MVAZZStatBounding_7TeV_Bin6
CMS_zllhinvee1j_MVAZZStatBounding_7TeV_Bin7
CMS_zllhinvee1j_MVAZZStatBounding_7TeV_Bin8
CMS_zllhinvee1j_MVAZZStatBounding_7TeV_Bin9
CMS_zllhinvmm0j_MVAEMStatBounding_7TeV_Bin0
CMS_zllhinvmm0j_MVAEMStatBounding_7TeV_Bin1
CMS_zllhinvmm0j_MVAEMStatBounding_7TeV_Bin2
CMS_zllhinvmm0j_MVAWZStatBounding_7TeV_Bin0
CMS_zllhinvmm0j_MVAWZStatBounding_7TeV_Bin1
CMS_zllhinvmm0j_MVAWZStatBounding_7TeV_Bin10
CMS_zllhinvmm0j_MVAWZStatBounding_7TeV_Bin2
CMS_zllhinvmm0j_MVAWZStatBounding_7TeV_Bin3
CMS_zllhinvmm0j_MVAWZStatBounding_7TeV_Bin4
CMS_zllhinvmm0j_MVAWZStatBounding_7TeV_Bin5
CMS_zllhinvmm0j_MVAWZStatBounding_7TeV_Bin6
CMS_zllhinvmm0j_MVAWZStatBounding_7TeV_Bin7
CMS_zllhinvmm0j_MVAWZStatBounding_7TeV_Bin8
CMS_zllhinvmm0j_MVAWZStatBounding_7TeV_Bin9
CMS_zllhinvmm0j_MVAZHStatBounding_7TeV_Bin0
CMS_zllhinvmm0j_MVAZHStatBounding_7TeV_Bin1
CMS_zllhinvmm0j_MVAZHStatBounding_7TeV_Bin10
CMS_zllhinvmm0j_MVAZHStatBounding_7TeV_Bin2
CMS_zllhinvmm0j_MVAZHStatBounding_7TeV_Bin3
CMS_zllhinvmm0j_MVAZHStatBounding_7TeV_Bin4
CMS_zllhinvmm0j_MVAZHStatBounding_7TeV_Bin5
CMS_zllhinvmm0j_MVAZHStatBounding_7TeV_Bin6
CMS_zllhinvmm0j_MVAZHStatBounding_7TeV_Bin7
CMS_zllhinvmm0j_MVAZHStatBounding_7TeV_Bin8
CMS_zllhinvmm0j_MVAZHStatBounding_7TeV_Bin9
CMS_zllhinvmm0j_MVAZZStatBounding_7TeV_Bin10
CMS_zllhinvmm0j_MVAZZStatBounding_7TeV_Bin5
CMS_zllhinvmm0j_MVAZZStatBounding_7TeV_Bin6
CMS_zllhinvmm0j_MVAZZStatBounding_7TeV_Bin7
CMS_zllhinvmm0j_MVAZZStatBounding_7TeV_Bin8
CMS_zllhinvmm0j_MVAZZStatBounding_7TeV_Bin9
CMS_zllhinvmm1j_MVAEMStatBounding_7TeV_Bin0
CMS_zllhinvmm1j_MVAEMStatBounding_7TeV_Bin1
CMS_zllhinvmm1j_MVAEMStatBounding_7TeV_Bin8
CMS_zllhinvmm1j_MVAWZStatBounding_7TeV_Bin0
CMS_zllhinvmm1j_MVAWZStatBounding_7TeV_Bin1
CMS_zllhinvmm1j_MVAWZStatBounding_7TeV_Bin10
CMS_zllhinvmm1j_MVAWZStatBounding_7TeV_Bin2
CMS_zllhinvmm1j_MVAWZStatBounding_7TeV_Bin3
CMS_zllhinvmm1j_MVAWZStatBounding_7TeV_Bin4
CMS_zllhinvmm1j_MVAWZStatBounding_7TeV_Bin5
CMS_zllhinvmm1j_MVAWZStatBounding_7TeV_Bin6
CMS_zllhinvmm1j_MVAWZStatBounding_7TeV_Bin7
CMS_zllhinvmm1j_MVAWZStatBounding_7TeV_Bin8
CMS_zllhinvmm1j_MVAWZStatBounding_7TeV_Bin9
CMS_zllhinvmm1j_MVAZHStatBounding_7TeV_Bin0
CMS_zllhinvmm1j_MVAZHStatBounding_7TeV_Bin1
CMS_zllhinvmm1j_MVAZHStatBounding_7TeV_Bin10
CMS_zllhinvmm1j_MVAZHStatBounding_7TeV_Bin2
CMS_zllhinvmm1j_MVAZHStatBounding_7TeV_Bin3
CMS_zllhinvmm1j_MVAZHStatBounding_7TeV_Bin4
CMS_zllhinvmm1j_MVAZHStatBounding_7TeV_Bin5
CMS_zllhinvmm1j_MVAZHStatBounding_7TeV_Bin6
CMS_zllhinvmm1j_MVAZHStatBounding_7TeV_Bin7
CMS_zllhinvmm1j_MVAZHStatBounding_7TeV_Bin8
CMS_zllhinvmm1j_MVAZHStatBounding_7TeV_Bin9
CMS_zllhinvmm1j_MVAZZStatBounding_7TeV_Bin0
CMS_zllhinvmm1j_MVAZZStatBounding_7TeV_Bin1
CMS_zllhinvmm1j_MVAZZStatBounding_7TeV_Bin10
CMS_zllhinvmm1j_MVAZZStatBounding_7TeV_Bin2
CMS_zllhinvmm1j_MVAZZStatBounding_7TeV_Bin3
CMS_zllhinvmm1j_MVAZZStatBounding_7TeV_Bin4
CMS_zllhinvmm1j_MVAZZStatBounding_7TeV_Bin5
CMS_zllhinvmm1j_MVAZZStatBounding_7TeV_Bin6
CMS_zllhinvmm1j_MVAZZStatBounding_7TeV_Bin7
CMS_zllhinvmm1j_MVAZZStatBounding_7TeV_Bin8
CMS_zllhinvmm1j_MVAZZStatBounding_7TeV_Bin9
Met
QCD_Norm8TeV
QCDscale_VH
QCDscale_VV
QCDscale_ggH
QCDscale_ggH2in
QCDscale_qqH
UEPS
VEff_Norm8TeV
ZG_qgcontent
gg_mjj_nlo
gg_njets_nlo
hpt
lumi_7TeV
lumi_8TeV
pdf_gg
pdf_qqbar
photon_purity
qcd_Norm8TeV
tauEff8TeV
top_Norm8TeV
vv_Norm8TeV
mr2
boosted_stat_error_photonCR_bin4
boosted_stat_error_photonCR_bin5
ewk_boosted_bin4
ewk_boosted_bin5
ewk_boosted_bin2
boosted_stat_error_photonCR_bin1
CMS_eff_m
ewk_boosted_bin1
ewk_monojet_bin10
ewk_monojet_bin11
ewk_monojet_bin12
ewk_monojet_bin13
ewk_monojet_bin14
ewk_monojet_bin15
ewk_monojet_bin16
ewk_monojet_bin17
ewk_monojet_bin18
pdf_CT10
mf2
boosted_stat_error_singlemuonCR_bin5
boosted_stat_error_singlemuonCR_bin4
boosted_stat_error_singlemuonCR_bin1
boosted_stat_error_singlemuonCR_bin0
boosted_stat_error_singlemuonCR_bin3
boosted_stat_error_singlemuonCR_bin2
ewk_monojet_bin8
ewk_monojet_bin9
ewk_monojet_bin2
ewk_monojet_bin3
ewk_monojet_bin0
ewk_monojet_bin1
ewk_monojet_bin6
ewk_monojet_bin7
ewk_monojet_bin4
ewk_monojet_bin5
monojet_stat_error_singlemuonCR_bin18
monojet_stat_error_dimuonCR_bin8
monojet_stat_error_dimuonCR_bin9
monojet_stat_error_singlemuonCR_bin11
monojet_stat_error_dimuonCR_bin3
monojet_stat_error_singlemuonCR_bin13
monojet_stat_error_singlemuonCR_bin12
monojet_stat_error_dimuonCR_bin6
monojet_stat_error_dimuonCR_bin7
monojet_stat_error_dimuonCR_bin4
monojet_stat_error_dimuonCR_bin5
ewk_resolved_bin5
ewk_resolved_bin4
ewk_resolved_bin1
ewk_resolved_bin0
ewk_resolved_bin3
ewk_resolved_bin2
monojet_stat_error_photonCR_bin0
monojet_stat_error_photonCR_bin1
monojet_stat_error_photonCR_bin2
monojet_stat_error_photonCR_bin3
monojet_stat_error_photonCR_bin4
monojet_stat_error_photonCR_bin5
monojet_stat_error_photonCR_bin6
monojet_stat_error_photonCR_bin7
monojet_stat_error_photonCR_bin8
boosted_stat_error_photonCR_bin0
ewk_boosted_bin3
ewk_boosted_bin0
boosted_stat_error_photonCR_bin3
monojet_stat_error_dimuonCR_bin10
monojet_stat_error_dimuonCR_bin11
monojet_stat_error_dimuonCR_bin12
monojet_stat_error_dimuonCR_bin13
monojet_stat_error_dimuonCR_bin14
monojet_stat_error_dimuonCR_bin15
monojet_stat_error_dimuonCR_bin16
monojet_stat_error_dimuonCR_bin17
monojet_stat_error_dimuonCR_bin18
resolved_stat_error_singlemuonCR_bin2
resolved_stat_error_singlemuonCR_bin3
resolved_stat_error_singlemuonCR_bin0
resolved_stat_error_singlemuonCR_bin1
resolved_stat_error_singlemuonCR_bin4
resolved_stat_error_singlemuonCR_bin5
resolved_stat_error_dimuonCR_bin1
pdf
resolved_stat_error_dimuonCR_bin3
resolved_stat_error_dimuonCR_bin2
resolved_stat_error_dimuonCR_bin5
resolved_stat_error_dimuonCR_bin4
PhotonEfficiency
monojet_stat_error_photonCR_bin15
monojet_stat_error_singlemuonCR_bin1
monojet_stat_error_singlemuonCR_bin0
monojet_stat_error_singlemuonCR_bin3
monojet_stat_error_singlemuonCR_bin2
monojet_stat_error_singlemuonCR_bin5
monojet_stat_error_singlemuonCR_bin4
monojet_stat_error_singlemuonCR_bin7
monojet_stat_error_singlemuonCR_bin6
monojet_stat_error_singlemuonCR_bin9
monojet_stat_error_singlemuonCR_bin8
resolved_stat_error_photonCR_bin3
resolved_stat_error_photonCR_bin2
resolved_stat_error_photonCR_bin1
resolved_stat_error_photonCR_bin0
resolved_stat_error_photonCR_bin5
resolved_stat_error_photonCR_bin4
monojet_stat_error_singlemuonCR_bin10
monojet_stat_error_singlemuonCR_bin15
monojet_stat_error_singlemuonCR_bin14
monojet_stat_error_singlemuonCR_bin17
monojet_stat_error_singlemuonCR_bin16
mf
mr
boosted_stat_error_dimuonCR_bin4
boosted_stat_error_dimuonCR_bin5
boosted_stat_error_dimuonCR_bin2
boosted_stat_error_dimuonCR_bin3
boosted_stat_error_dimuonCR_bin0
boosted_stat_error_dimuonCR_bin1
fp
monojet_stat_error_photonCR_bin12
monojet_stat_error_photonCR_bin13
monojet_stat_error_photonCR_bin10
monojet_stat_error_photonCR_bin11
monojet_stat_error_photonCR_bin16
monojet_stat_error_photonCR_bin17
monojet_stat_error_photonCR_bin14
resolved_stat_error_dimuonCR_bin0
monojet_stat_error_photonCR_bin18
boosted_stat_error_photonCR_bin2
monojet_stat_error_photonCR_bin9
   Getting expected limit with no nuisances
(standard_in) 2: syntax error
Median expected limit with: & All Nuisances: 30.2\% & No Nuisances: 0.0\% \\ 
Nuisance      &                Removal effect &  Addition effect \\ 
CMS\_VBFHinv\_ggH\_norm:       &  0.0\%                &        N/A\% \\ 
CMS\_VBFHinv\_puweight:        &  0.0\%                &        N/A\% \\ 
CMS\_VBFHinv\_qcd\_norm:       & -0.7\%                &        N/A\% \\ 
CMS\_VBFHinv\_qqH\_norm:       &  0.0\%                &        N/A\% \\ 
CMS\_VBFHinv\_tau\_eff:        &  0.0\%                &        N/A\% \\ 
CMS\_VBFHinv\_tau\_extrapfacunc: & -2.0\%                &        N/A\% \\ 
CMS\_VBFHinv\_top\_norm:       &  0.0\%                &        N/A\% \\ 
CMS\_VBFHinv\_vv\_norm:        &  0.0\%                &        N/A\% \\ 
CMS\_VBFHinv\_vv\_xsunc:       &  0.0\%                &        N/A\% \\ 
CMS\_VBFHinv\_wel\_norm:       &  0.0\%                &        N/A\% \\ 
CMS\_VBFHinv\_wel\_stat:       &  0.0\%                &        N/A\% \\ 
CMS\_VBFHinv\_wmu\_norm:       &  0.0\%                &        N/A\% \\ 
CMS\_VBFHinv\_wmu\_stat:       &  0.0\%                &        N/A\% \\ 
CMS\_VBFHinv\_wtau\_norm:      & -0.7\%                &        N/A\% \\ 
CMS\_VBFHinv\_wtau\_stat:      & -1.3\%                &        N/A\% \\ 
CMS\_VBFHinv\_zvv\_norm:       & -2.6\%                &        N/A\% \\ 
CMS\_VBFHinv\_zvv\_stat:       &-13.6\%                &        N/A\% \\ 
CMS\_eff\_b:                   &  0.0\%                &        N/A\% \\ 
CMS\_eff\_e:                   &  0.0\%                &        N/A\% \\ 
CMS\_eff\_m:                   & -1.3\%                &        N/A\% \\ 
CMS\_p\_scale\_e:              &  0.0\%                &        N/A\% \\ 
CMS\_p\_scale\_m:              &  0.0\%                &        N/A\% \\ 
CMS\_res\_j:                   & -0.7\%                &        N/A\% \\ 
CMS\_scale\_j:                 &  0.0\%                &        N/A\% \\ 
CMS\_scale\_met:               &  0.0\%                &        N/A\% \\ 
CMS\_vhbb\_BR\_Hbb:            &  0.0\%                &        N/A\% \\ 
CMS\_vhbb\_QCD\_SF\_ZnunuHighPt\_8TeV: &  0.0\%                &        N/A\% \\ 
CMS\_vhbb\_QCD\_SF\_ZnunuLowPt\_8TeV: &  0.0\%                &        N/A\% \\ 
CMS\_vhbb\_QCD\_SF\_ZnunuMedPt\_8TeV: &  0.0\%                &        N/A\% \\ 
CMS\_vhbb\_TTModel\_Znn\_8TeV: &  0.0\%                &        N/A\% \\ 
CMS\_vhbb\_TT\_SF\_ZnunuHighPt\_8TeV: &  0.0\%                &        N/A\% \\ 
CMS\_vhbb\_TT\_SF\_ZnunuLowPt\_8TeV: &  0.0\%                &        N/A\% \\ 
CMS\_vhbb\_TT\_SF\_ZnunuMedPt\_8TeV: &  0.0\%                &        N/A\% \\ 
CMS\_vhbb\_WJSlope\_Znn\_8TeV: &  0.0\%                &        N/A\% \\ 
CMS\_vhbb\_Wj0b\_SF\_ZnunuHighPt\_8TeV: &  0.0\%                &        N/A\% \\ 
CMS\_vhbb\_Wj0b\_SF\_ZnunuLowPt\_8TeV: &  0.0\%                &        N/A\% \\ 
CMS\_vhbb\_Wj0b\_SF\_ZnunuMedPt\_8TeV: &  0.0\%                &        N/A\% \\ 
CMS\_vhbb\_Wj1b\_SF\_ZnunuHighPt\_8TeV: &  0.0\%                &        N/A\% \\ 
CMS\_vhbb\_Wj1b\_SF\_ZnunuLowPt\_8TeV: &  0.0\%                &        N/A\% \\ 
CMS\_vhbb\_Wj1b\_SF\_ZnunuMedPt\_8TeV: &  0.0\%                &        N/A\% \\ 
CMS\_vhbb\_Wj2b\_SF\_ZnunuHighPt\_8TeV: &  0.0\%                &        N/A\% \\ 
CMS\_vhbb\_Wj2b\_SF\_ZnunuLowPt\_8TeV: &  0.0\%                &        N/A\% \\ 
CMS\_vhbb\_Wj2b\_SF\_ZnunuMedPt\_8TeV: &  0.0\%                &        N/A\% \\ 
CMS\_vhbb\_ZJSlope\_Znn\_8TeV: &  0.0\%                &        N/A\% \\ 
CMS\_vhbb\_Zj0b\_SF\_ZnunuHighPt\_8TeV: &  0.0\%                &        N/A\% \\ 
CMS\_vhbb\_Zj0b\_SF\_ZnunuLowPt\_8TeV: &  0.0\%                &        N/A\% \\ 
CMS\_vhbb\_Zj0b\_SF\_ZnunuMedPt\_8TeV: &  0.0\%                &        N/A\% \\ 
CMS\_vhbb\_Zj1b\_SF\_ZnunuHighPt\_8TeV: &  0.0\%                &        N/A\% \\ 
CMS\_vhbb\_Zj1b\_SF\_ZnunuLowPt\_8TeV: &  0.0\%                &        N/A\% \\ 
CMS\_vhbb\_Zj1b\_SF\_ZnunuMedPt\_8TeV: &  0.0\%                &        N/A\% \\ 
CMS\_vhbb\_Zj2bModel\_Znn\_8TeV: &  0.0\%                &        N/A\% \\ 
CMS\_vhbb\_Zj2b\_SF\_ZnunuHighPt\_8TeV: &  0.0\%                &        N/A\% \\ 
CMS\_vhbb\_Zj2b\_SF\_ZnunuLowPt\_8TeV: &  0.0\%                &        N/A\% \\ 
CMS\_vhbb\_Zj2b\_SF\_ZnunuMedPt\_8TeV: &  0.0\%                &        N/A\% \\ 
CMS\_vhbb\_Znn\_res\_j:        &  0.0\%                &        N/A\% \\ 
CMS\_vhbb\_Znn\_scale\_j:      &  0.0\%                &        N/A\% \\ 
CMS\_vhbb\_boost\_EWK\_8TeV:   &  0.0\%                &        N/A\% \\ 
CMS\_vhbb\_boost\_QCD\_8TeV:   &  0.0\%                &        N/A\% \\ 
CMS\_vhbb\_eff\_b:             &  0.0\%                &        N/A\% \\ 
CMS\_vhbb\_fake\_b\_8TeV:      &  0.0\%                &        N/A\% \\ 
CMS\_vhbb\_s\_Top:             &  0.0\%                &        N/A\% \\ 
CMS\_vhbb\_trigger\_CSV\_Znn\_8TeV: &  0.0\%                &        N/A\% \\ 
CMS\_vhbb\_trigger\_CSV\_fake\_Znn\_8TeV: &  0.0\%                &        N/A\% \\ 
CMS\_vhbb\_trigger\_MET\_Znn\_8TeV: &  0.0\%                &        N/A\% \\ 
CMS\_zllhinv\_EM\_7TeV:        &  0.0\%                &        N/A\% \\ 
CMS\_zllhinv\_EM\_8TeV:        &  0.0\%                &        N/A\% \\ 
CMS\_zllhinv\_WZ3l:            &  0.0\%                &        N/A\% \\ 
CMS\_zllhinv\_ZLL\_7TeV:       &  0.0\%                &        N/A\% \\ 
CMS\_zllhinv\_pu:              &  0.0\%                &        N/A\% \\ 
CMS\_zllhinv\_stat\_EM\_8TeV\_Bin14: &  0.0\%                &        N/A\% \\ 
CMS\_zllhinv\_stat\_EM\_8TeV\_Bin24: &  0.0\%                &        N/A\% \\ 
CMS\_zllhinv\_stat\_eeeq0jets\_WZ\_8TeV\_Bin12: &  0.0\%                &        N/A\% \\ 
CMS\_zllhinv\_stat\_eeeq0jets\_WZ\_8TeV\_Bin13: &  0.0\%                &        N/A\% \\ 
CMS\_zllhinv\_stat\_eeeq0jets\_WZ\_8TeV\_Bin14: &  0.0\%                &        N/A\% \\ 
CMS\_zllhinv\_stat\_eeeq0jets\_WZ\_8TeV\_Bin15: &  0.0\%                &        N/A\% \\ 
CMS\_zllhinv\_stat\_eeeq0jets\_WZ\_8TeV\_Bin2: &  0.0\%                &        N/A\% \\ 
CMS\_zllhinv\_stat\_eeeq0jets\_ZH\_hinv\_8TeV\_Bin12: &  0.0\%                &        N/A\% \\ 
CMS\_zllhinv\_stat\_eeeq0jets\_ZH\_hinv\_8TeV\_Bin13: &  0.0\%                &        N/A\% \\ 
CMS\_zllhinv\_stat\_eeeq0jets\_ZH\_hinv\_8TeV\_Bin14: &  0.0\%                &        N/A\% \\ 
CMS\_zllhinv\_stat\_eeeq0jets\_ZH\_hinv\_8TeV\_Bin15: &  0.0\%                &        N/A\% \\ 
CMS\_zllhinv\_stat\_eeeq0jets\_ZH\_hinv\_8TeV\_Bin16: &  0.0\%                &        N/A\% \\ 
CMS\_zllhinv\_stat\_eeeq0jets\_ZH\_hinv\_8TeV\_Bin2: &  0.0\%                &        N/A\% \\ 
CMS\_zllhinv\_stat\_eeeq0jets\_ZH\_hinv\_8TeV\_Bin3: &  0.0\%                &        N/A\% \\ 
CMS\_zllhinv\_stat\_eeeq0jets\_ZZ\_8TeV\_Bin13: &  0.0\%                &        N/A\% \\ 
CMS\_zllhinv\_stat\_eeeq0jets\_ZZ\_8TeV\_Bin14: &  0.0\%                &        N/A\% \\ 
CMS\_zllhinv\_stat\_eeeq1jets\_WZ\_8TeV\_Bin13: &  0.0\%                &        N/A\% \\ 
CMS\_zllhinv\_stat\_eeeq1jets\_WZ\_8TeV\_Bin14: &  0.0\%                &        N/A\% \\ 
CMS\_zllhinv\_stat\_eeeq1jets\_ZH\_hinv\_8TeV\_Bin13: &  0.0\%                &        N/A\% \\ 
CMS\_zllhinv\_stat\_eeeq1jets\_ZH\_hinv\_8TeV\_Bin14: &  0.0\%                &        N/A\% \\ 
CMS\_zllhinv\_stat\_eeeq1jets\_ZH\_hinv\_8TeV\_Bin15: &  0.0\%                &        N/A\% \\ 
CMS\_zllhinv\_stat\_eeeq1jets\_ZH\_hinv\_8TeV\_Bin16: &  0.0\%                &        N/A\% \\ 
CMS\_zllhinv\_stat\_eeeq1jets\_ZH\_hinv\_8TeV\_Bin17: &  0.0\%                &        N/A\% \\ 
CMS\_zllhinv\_stat\_eeeq1jets\_ZH\_hinv\_8TeV\_Bin3: &  0.0\%                &        N/A\% \\ 
CMS\_zllhinv\_stat\_eeeq1jets\_ZH\_hinv\_8TeV\_Bin6: &  0.0\%                &        N/A\% \\ 
CMS\_zllhinv\_stat\_eeeq1jets\_ZH\_hinv\_8TeV\_Bin7: &  0.0\%                &        N/A\% \\ 
CMS\_zllhinv\_stat\_eeeq1jets\_ZH\_hinv\_8TeV\_Bin9: &  0.0\%                &        N/A\% \\ 
CMS\_zllhinv\_stat\_eeeq1jets\_ZZ\_8TeV\_Bin13: &  0.0\%                &        N/A\% \\ 
CMS\_zllhinv\_stat\_eeeq1jets\_ZZ\_8TeV\_Bin14: &  0.0\%                &        N/A\% \\ 
CMS\_zllhinv\_stat\_eeeq1jets\_ZZ\_8TeV\_Bin15: &  0.0\%                &        N/A\% \\ 
CMS\_zllhinv\_stat\_eeeq1jets\_ZZ\_8TeV\_Bin16: &  0.0\%                &        N/A\% \\ 
CMS\_zllhinv\_stat\_eq0jets\_Zjets\_8TeV: &  0.0\%                &        N/A\% \\ 
CMS\_zllhinv\_stat\_eq1jets\_Zjets\_8TeV: &  0.3\%                &        N/A\% \\ 
CMS\_zllhinv\_stat\_mumueq0jets\_WZ\_8TeV\_Bin13: &  0.0\%                &        N/A\% \\ 
CMS\_zllhinv\_stat\_mumueq0jets\_WZ\_8TeV\_Bin14: &  0.0\%                &        N/A\% \\ 
CMS\_zllhinv\_stat\_mumueq0jets\_ZH\_hinv\_8TeV\_Bin13: &  0.0\%                &        N/A\% \\ 
CMS\_zllhinv\_stat\_mumueq0jets\_ZH\_hinv\_8TeV\_Bin14: &  0.0\%                &        N/A\% \\ 
CMS\_zllhinv\_stat\_mumueq0jets\_ZH\_hinv\_8TeV\_Bin15: &  0.0\%                &        N/A\% \\ 
CMS\_zllhinv\_stat\_mumueq0jets\_ZZ\_8TeV\_Bin13: &  0.0\%                &        N/A\% \\ 
CMS\_zllhinv\_stat\_mumueq0jets\_ZZ\_8TeV\_Bin14: &-100.0\%                &        N/A\% \\ 
CMS\_zllhinv\_stat\_mumueq1jets\_WZ\_8TeV\_Bin13: &-100.0\%                &        N/A\% \\ 
CMS\_zllhinv\_stat\_mumueq1jets\_WZ\_8TeV\_Bin14: &-100.0\%                &        N/A\% \\ 
CMS\_zllhinv\_stat\_mumueq1jets\_ZH\_hinv\_8TeV\_Bin13: &-100.0\%                &        N/A\% \\ 
CMS\_zllhinv\_stat\_mumueq1jets\_ZH\_hinv\_8TeV\_Bin14: &-100.0\%                &        N/A\% \\ 
CMS\_zllhinv\_stat\_mumueq1jets\_ZH\_hinv\_8TeV\_Bin15: &-100.0\%                &        N/A\% \\ 
CMS\_zllhinv\_stat\_mumueq1jets\_ZH\_hinv\_8TeV\_Bin16: &-100.0\%                &        N/A\% \\ 
CMS\_zllhinv\_stat\_mumueq1jets\_ZZ\_8TeV\_Bin13: &-100.0\%                &        N/A\% \\ 
CMS\_zllhinv\_stat\_mumueq1jets\_ZZ\_8TeV\_Bin14: &-100.0\%                &        N/A\% \\ 
CMS\_zllhinv\_stat\_mumueq1jets\_ZZ\_8TeV\_Bin15: &-100.0\%                &        N/A\% \\ 
CMS\_zllhinv\_sys\_Zjets\_8TeV: &-100.0\%                &        N/A\% \\ 
CMS\_zllhinvee0j\_MVAEMStatBounding\_7TeV\_Bin0: &-100.0\%                &        N/A\% \\ 
CMS\_zllhinvee0j\_MVAEMStatBounding\_7TeV\_Bin1: &-100.0\%                &        N/A\% \\ 
CMS\_zllhinvee0j\_MVAEMStatBounding\_7TeV\_Bin2: &-100.0\%                &        N/A\% \\ 
CMS\_zllhinvee0j\_MVAEMStatBounding\_7TeV\_Bin3: &-100.0\%                &        N/A\% \\ 
CMS\_zllhinvee0j\_MVAWZStatBounding\_7TeV\_Bin0: &-100.0\%                &        N/A\% \\ 
CMS\_zllhinvee0j\_MVAWZStatBounding\_7TeV\_Bin1: &-100.0\%                &        N/A\% \\ 
CMS\_zllhinvee0j\_MVAWZStatBounding\_7TeV\_Bin2: &-100.0\%                &        N/A\% \\ 
CMS\_zllhinvee0j\_MVAWZStatBounding\_7TeV\_Bin3: &-100.0\%                &        N/A\% \\ 
CMS\_zllhinvee0j\_MVAWZStatBounding\_7TeV\_Bin4: &-100.0\%                &        N/A\% \\ 
CMS\_zllhinvee0j\_MVAWZStatBounding\_7TeV\_Bin5: &-100.0\%                &        N/A\% \\ 
CMS\_zllhinvee0j\_MVAWZStatBounding\_7TeV\_Bin6: &-100.0\%                &        N/A\% \\ 
CMS\_zllhinvee0j\_MVAWZStatBounding\_7TeV\_Bin7: &-100.0\%                &        N/A\% \\ 
CMS\_zllhinvee0j\_MVAWZStatBounding\_7TeV\_Bin8: &-100.0\%                &        N/A\% \\ 
CMS\_zllhinvee0j\_MVAWZStatBounding\_7TeV\_Bin9: &-100.0\%                &        N/A\% \\ 
CMS\_zllhinvee0j\_MVAZHStatBounding\_7TeV\_Bin0: &-100.0\%                &        N/A\% \\ 
CMS\_zllhinvee0j\_MVAZHStatBounding\_7TeV\_Bin1: &-100.0\%                &        N/A\% \\ 
CMS\_zllhinvee0j\_MVAZHStatBounding\_7TeV\_Bin10: &-100.0\%                &        N/A\% \\ 
CMS\_zllhinvee0j\_MVAZHStatBounding\_7TeV\_Bin2: &-100.0\%                &        N/A\% \\ 
CMS\_zllhinvee0j\_MVAZHStatBounding\_7TeV\_Bin3: &-100.0\%                &        N/A\% \\ 
CMS\_zllhinvee0j\_MVAZHStatBounding\_7TeV\_Bin4: &-100.0\%                &        N/A\% \\ 
CMS\_zllhinvee0j\_MVAZHStatBounding\_7TeV\_Bin5: &-100.0\%                &        N/A\% \\ 
CMS\_zllhinvee0j\_MVAZHStatBounding\_7TeV\_Bin6: &-100.0\%                &        N/A\% \\ 
CMS\_zllhinvee0j\_MVAZHStatBounding\_7TeV\_Bin7: &-100.0\%                &        N/A\% \\ 
CMS\_zllhinvee0j\_MVAZHStatBounding\_7TeV\_Bin8: &-100.0\%                &        N/A\% \\ 
CMS\_zllhinvee0j\_MVAZHStatBounding\_7TeV\_Bin9: &-100.0\%                &        N/A\% \\ 
CMS\_zllhinvee0j\_MVAZZStatBounding\_7TeV\_Bin10: &-100.0\%                &        N/A\% \\ 
CMS\_zllhinvee0j\_MVAZZStatBounding\_7TeV\_Bin4: &-100.0\%                &        N/A\% \\ 
CMS\_zllhinvee0j\_MVAZZStatBounding\_7TeV\_Bin5: &-100.0\%                &        N/A\% \\ 
CMS\_zllhinvee0j\_MVAZZStatBounding\_7TeV\_Bin6: &-100.0\%                &        N/A\% \\ 
CMS\_zllhinvee0j\_MVAZZStatBounding\_7TeV\_Bin7: &-100.0\%                &        N/A\% \\ 
CMS\_zllhinvee0j\_MVAZZStatBounding\_7TeV\_Bin8: &-100.0\%                &        N/A\% \\ 
CMS\_zllhinvee0j\_MVAZZStatBounding\_7TeV\_Bin9: &-100.0\%                &        N/A\% \\ 
CMS\_zllhinvee1j\_MVAEMStatBounding\_7TeV\_Bin0: &-100.0\%                &        N/A\% \\ 
CMS\_zllhinvee1j\_MVAEMStatBounding\_7TeV\_Bin1: &-100.0\%                &        N/A\% \\ 
CMS\_zllhinvee1j\_MVAEMStatBounding\_7TeV\_Bin2: &-100.0\%                &        N/A\% \\ 
CMS\_zllhinvee1j\_MVAWZStatBounding\_7TeV\_Bin0: &-100.0\%                &        N/A\% \\ 
CMS\_zllhinvee1j\_MVAWZStatBounding\_7TeV\_Bin1: &-100.0\%                &        N/A\% \\ 
CMS\_zllhinvee1j\_MVAWZStatBounding\_7TeV\_Bin10: &-100.0\%                &        N/A\% \\ 
CMS\_zllhinvee1j\_MVAWZStatBounding\_7TeV\_Bin2: &-100.0\%                &        N/A\% \\ 
CMS\_zllhinvee1j\_MVAWZStatBounding\_7TeV\_Bin3: &-100.0\%                &        N/A\% \\ 
CMS\_zllhinvee1j\_MVAWZStatBounding\_7TeV\_Bin4: &-100.0\%                &        N/A\% \\ 
CMS\_zllhinvee1j\_MVAWZStatBounding\_7TeV\_Bin5: &-100.0\%                &        N/A\% \\ 
CMS\_zllhinvee1j\_MVAWZStatBounding\_7TeV\_Bin6: &-100.0\%                &        N/A\% \\ 
CMS\_zllhinvee1j\_MVAWZStatBounding\_7TeV\_Bin7: &-100.0\%                &        N/A\% \\ 
CMS\_zllhinvee1j\_MVAWZStatBounding\_7TeV\_Bin8: &-100.0\%                &        N/A\% \\ 
CMS\_zllhinvee1j\_MVAWZStatBounding\_7TeV\_Bin9: &-100.0\%                &        N/A\% \\ 
CMS\_zllhinvee1j\_MVAZHStatBounding\_7TeV\_Bin0: &-100.0\%                &        N/A\% \\ 
CMS\_zllhinvee1j\_MVAZHStatBounding\_7TeV\_Bin1: &-100.0\%                &        N/A\% \\ 
CMS\_zllhinvee1j\_MVAZHStatBounding\_7TeV\_Bin10: &-100.0\%                &        N/A\% \\ 
CMS\_zllhinvee1j\_MVAZHStatBounding\_7TeV\_Bin2: &-100.0\%                &        N/A\% \\ 
CMS\_zllhinvee1j\_MVAZHStatBounding\_7TeV\_Bin3: &-100.0\%                &        N/A\% \\ 
CMS\_zllhinvee1j\_MVAZHStatBounding\_7TeV\_Bin4: &-100.0\%                &        N/A\% \\ 
CMS\_zllhinvee1j\_MVAZHStatBounding\_7TeV\_Bin5: &-100.0\%                &        N/A\% \\ 
CMS\_zllhinvee1j\_MVAZHStatBounding\_7TeV\_Bin6: &-100.0\%                &        N/A\% \\ 
CMS\_zllhinvee1j\_MVAZHStatBounding\_7TeV\_Bin7: &-100.0\%                &        N/A\% \\ 
CMS\_zllhinvee1j\_MVAZHStatBounding\_7TeV\_Bin8: &-100.0\%                &        N/A\% \\ 
CMS\_zllhinvee1j\_MVAZHStatBounding\_7TeV\_Bin9: &-100.0\%                &        N/A\% \\ 
CMS\_zllhinvee1j\_MVAZZStatBounding\_7TeV\_Bin0: &-100.0\%                &        N/A\% \\ 
CMS\_zllhinvee1j\_MVAZZStatBounding\_7TeV\_Bin1: &-100.0\%                &        N/A\% \\ 
CMS\_zllhinvee1j\_MVAZZStatBounding\_7TeV\_Bin10: &-100.0\%                &        N/A\% \\ 
CMS\_zllhinvee1j\_MVAZZStatBounding\_7TeV\_Bin2: &-100.0\%                &        N/A\% \\ 
CMS\_zllhinvee1j\_MVAZZStatBounding\_7TeV\_Bin3: &-100.0\%                &        N/A\% \\ 
CMS\_zllhinvee1j\_MVAZZStatBounding\_7TeV\_Bin4: &-100.0\%                &        N/A\% \\ 
CMS\_zllhinvee1j\_MVAZZStatBounding\_7TeV\_Bin5: &-100.0\%                &        N/A\% \\ 
CMS\_zllhinvee1j\_MVAZZStatBounding\_7TeV\_Bin6: &-100.0\%                &        N/A\% \\ 
CMS\_zllhinvee1j\_MVAZZStatBounding\_7TeV\_Bin7: &-100.0\%                &        N/A\% \\ 
CMS\_zllhinvee1j\_MVAZZStatBounding\_7TeV\_Bin8: &-100.0\%                &        N/A\% \\ 
CMS\_zllhinvee1j\_MVAZZStatBounding\_7TeV\_Bin9: &-100.0\%                &        N/A\% \\ 
CMS\_zllhinvmm0j\_MVAEMStatBounding\_7TeV\_Bin0: &-100.0\%                &        N/A\% \\ 
CMS\_zllhinvmm0j\_MVAEMStatBounding\_7TeV\_Bin1: &-100.0\%                &        N/A\% \\ 
CMS\_zllhinvmm0j\_MVAEMStatBounding\_7TeV\_Bin2: &-100.0\%                &        N/A\% \\ 
CMS\_zllhinvmm0j\_MVAWZStatBounding\_7TeV\_Bin0: &-100.0\%                &        N/A\% \\ 
CMS\_zllhinvmm0j\_MVAWZStatBounding\_7TeV\_Bin1: &-100.0\%                &        N/A\% \\ 
CMS\_zllhinvmm0j\_MVAWZStatBounding\_7TeV\_Bin10: &-100.0\%                &        N/A\% \\ 
CMS\_zllhinvmm0j\_MVAWZStatBounding\_7TeV\_Bin2: &-100.0\%                &        N/A\% \\ 
CMS\_zllhinvmm0j\_MVAWZStatBounding\_7TeV\_Bin3: &-100.0\%                &        N/A\% \\ 
CMS\_zllhinvmm0j\_MVAWZStatBounding\_7TeV\_Bin4: &-100.0\%                &        N/A\% \\ 
CMS\_zllhinvmm0j\_MVAWZStatBounding\_7TeV\_Bin5: &-100.0\%                &        N/A\% \\ 
CMS\_zllhinvmm0j\_MVAWZStatBounding\_7TeV\_Bin6: &-100.0\%                &        N/A\% \\ 
CMS\_zllhinvmm0j\_MVAWZStatBounding\_7TeV\_Bin7: &-100.0\%                &        N/A\% \\ 
CMS\_zllhinvmm0j\_MVAWZStatBounding\_7TeV\_Bin8: &-100.0\%                &        N/A\% \\ 
CMS\_zllhinvmm0j\_MVAWZStatBounding\_7TeV\_Bin9: &-100.0\%                &        N/A\% \\ 
CMS\_zllhinvmm0j\_MVAZHStatBounding\_7TeV\_Bin0: &-100.0\%                &        N/A\% \\ 
CMS\_zllhinvmm0j\_MVAZHStatBounding\_7TeV\_Bin1: &-100.0\%                &        N/A\% \\ 
CMS\_zllhinvmm0j\_MVAZHStatBounding\_7TeV\_Bin10: &-100.0\%                &        N/A\% \\ 
CMS\_zllhinvmm0j\_MVAZHStatBounding\_7TeV\_Bin2: &-100.0\%                &        N/A\% \\ 
CMS\_zllhinvmm0j\_MVAZHStatBounding\_7TeV\_Bin3: &-100.0\%                &        N/A\% \\ 
CMS\_zllhinvmm0j\_MVAZHStatBounding\_7TeV\_Bin4: &-100.0\%                &        N/A\% \\ 
CMS\_zllhinvmm0j\_MVAZHStatBounding\_7TeV\_Bin5: &-100.0\%                &        N/A\% \\ 
CMS\_zllhinvmm0j\_MVAZHStatBounding\_7TeV\_Bin6: &-100.0\%                &        N/A\% \\ 
CMS\_zllhinvmm0j\_MVAZHStatBounding\_7TeV\_Bin7: &-100.0\%                &        N/A\% \\ 
CMS\_zllhinvmm0j\_MVAZHStatBounding\_7TeV\_Bin8: &-100.0\%                &        N/A\% \\ 
CMS\_zllhinvmm0j\_MVAZHStatBounding\_7TeV\_Bin9: &-100.0\%                &        N/A\% \\ 
CMS\_zllhinvmm0j\_MVAZZStatBounding\_7TeV\_Bin10: &-100.0\%                &        N/A\% \\ 
CMS\_zllhinvmm0j\_MVAZZStatBounding\_7TeV\_Bin5: &-100.0\%                &        N/A\% \\ 
CMS\_zllhinvmm0j\_MVAZZStatBounding\_7TeV\_Bin6: &-100.0\%                &        N/A\% \\ 
CMS\_zllhinvmm0j\_MVAZZStatBounding\_7TeV\_Bin7: &-100.0\%                &        N/A\% \\ 
CMS\_zllhinvmm0j\_MVAZZStatBounding\_7TeV\_Bin8: &-100.0\%                &        N/A\% \\ 
CMS\_zllhinvmm0j\_MVAZZStatBounding\_7TeV\_Bin9: &-100.0\%                &        N/A\% \\ 
CMS\_zllhinvmm1j\_MVAEMStatBounding\_7TeV\_Bin0: &-100.0\%                &        N/A\% \\ 
CMS\_zllhinvmm1j\_MVAEMStatBounding\_7TeV\_Bin1: &-100.0\%                &        N/A\% \\ 
CMS\_zllhinvmm1j\_MVAEMStatBounding\_7TeV\_Bin8: &-100.0\%                &        N/A\% \\ 
CMS\_zllhinvmm1j\_MVAWZStatBounding\_7TeV\_Bin0: &-100.0\%                &        N/A\% \\ 
CMS\_zllhinvmm1j\_MVAWZStatBounding\_7TeV\_Bin1: &-100.0\%                &        N/A\% \\ 
CMS\_zllhinvmm1j\_MVAWZStatBounding\_7TeV\_Bin10: &-100.0\%                &        N/A\% \\ 
CMS\_zllhinvmm1j\_MVAWZStatBounding\_7TeV\_Bin2: &-100.0\%                &        N/A\% \\ 
CMS\_zllhinvmm1j\_MVAWZStatBounding\_7TeV\_Bin3: &-100.0\%                &        N/A\% \\ 
CMS\_zllhinvmm1j\_MVAWZStatBounding\_7TeV\_Bin4: &-100.0\%                &        N/A\% \\ 
CMS\_zllhinvmm1j\_MVAWZStatBounding\_7TeV\_Bin5: &-100.0\%                &        N/A\% \\ 
CMS\_zllhinvmm1j\_MVAWZStatBounding\_7TeV\_Bin6: &-100.0\%                &        N/A\% \\ 
CMS\_zllhinvmm1j\_MVAWZStatBounding\_7TeV\_Bin7: &-100.0\%                &        N/A\% \\ 
CMS\_zllhinvmm1j\_MVAWZStatBounding\_7TeV\_Bin8: &-100.0\%                &        N/A\% \\ 
CMS\_zllhinvmm1j\_MVAWZStatBounding\_7TeV\_Bin9: &-100.0\%                &        N/A\% \\ 
CMS\_zllhinvmm1j\_MVAZHStatBounding\_7TeV\_Bin0: &-100.0\%                &        N/A\% \\ 
CMS\_zllhinvmm1j\_MVAZHStatBounding\_7TeV\_Bin1: &-100.0\%                &        N/A\% \\ 
CMS\_zllhinvmm1j\_MVAZHStatBounding\_7TeV\_Bin10: &-100.0\%                &        N/A\% \\ 
CMS\_zllhinvmm1j\_MVAZHStatBounding\_7TeV\_Bin2: &-100.0\%                &        N/A\% \\ 
CMS\_zllhinvmm1j\_MVAZHStatBounding\_7TeV\_Bin3: &-100.0\%                &        N/A\% \\ 
CMS\_zllhinvmm1j\_MVAZHStatBounding\_7TeV\_Bin4: &-100.0\%                &        N/A\% \\ 
CMS\_zllhinvmm1j\_MVAZHStatBounding\_7TeV\_Bin5: &-100.0\%                &        N/A\% \\ 
CMS\_zllhinvmm1j\_MVAZHStatBounding\_7TeV\_Bin6: &-100.0\%                &        N/A\% \\ 
CMS\_zllhinvmm1j\_MVAZHStatBounding\_7TeV\_Bin7: &-100.0\%                &        N/A\% \\ 
CMS\_zllhinvmm1j\_MVAZHStatBounding\_7TeV\_Bin8: &-100.0\%                &        N/A\% \\ 
CMS\_zllhinvmm1j\_MVAZHStatBounding\_7TeV\_Bin9: &-100.0\%                &        N/A\% \\ 
CMS\_zllhinvmm1j\_MVAZZStatBounding\_7TeV\_Bin0: &-100.0\%                &        N/A\% \\ 
CMS\_zllhinvmm1j\_MVAZZStatBounding\_7TeV\_Bin1: &-100.0\%                &        N/A\% \\ 
CMS\_zllhinvmm1j\_MVAZZStatBounding\_7TeV\_Bin10: &-100.0\%                &        N/A\% \\ 
CMS\_zllhinvmm1j\_MVAZZStatBounding\_7TeV\_Bin2: &-100.0\%                &        N/A\% \\ 
CMS\_zllhinvmm1j\_MVAZZStatBounding\_7TeV\_Bin3: &-100.0\%                &        N/A\% \\ 
CMS\_zllhinvmm1j\_MVAZZStatBounding\_7TeV\_Bin4: &-100.0\%                &        N/A\% \\ 
CMS\_zllhinvmm1j\_MVAZZStatBounding\_7TeV\_Bin5: &-100.0\%                &        N/A\% \\ 
CMS\_zllhinvmm1j\_MVAZZStatBounding\_7TeV\_Bin6: &-100.0\%                &        N/A\% \\ 
CMS\_zllhinvmm1j\_MVAZZStatBounding\_7TeV\_Bin7: &-100.0\%                &        N/A\% \\ 
CMS\_zllhinvmm1j\_MVAZZStatBounding\_7TeV\_Bin8: &-100.0\%                &        N/A\% \\ 
CMS\_zllhinvmm1j\_MVAZZStatBounding\_7TeV\_Bin9: &-100.0\%                &        N/A\% \\ 
Met:                           &-100.0\%                &        N/A\% \\ 
QCD\_Norm8TeV:                 &-100.0\%                &        N/A\% \\ 
QCDscale\_VH:                  &-100.0\%                &        N/A\% \\ 
QCDscale\_VV:                  &-100.0\%                &        N/A\% \\ 
QCDscale\_ggH:                 &-100.0\%                &        N/A\% \\ 
QCDscale\_ggH2in:              &-100.0\%                &        N/A\% \\ 
QCDscale\_qqH:                 &-100.0\%                &        N/A\% \\ 
UEPS:                          &-100.0\%                &        N/A\% \\ 
VEff\_Norm8TeV:                &-100.0\%                &        N/A\% \\ 
ZG\_qgcontent:                 &-100.0\%                &        N/A\% \\ 
gg\_mjj\_nlo:                  &-100.0\%                &        N/A\% \\ 
gg\_njets\_nlo:                &-100.0\%                &        N/A\% \\ 
hpt:                           &-100.0\%                &        N/A\% \\ 
lumi\_7TeV:                    &-100.0\%                &        N/A\% \\ 
lumi\_8TeV:                    &-100.0\%                &        N/A\% \\ 
pdf\_gg:                       &-100.0\%                &        N/A\% \\ 
pdf\_qqbar:                    &-100.0\%                &        N/A\% \\ 
photon\_purity:                &-100.0\%                &        N/A\% \\ 
qcd\_Norm8TeV:                 &-100.0\%                &        N/A\% \\ 
tauEff8TeV:                    &-100.0\%                &        N/A\% \\ 
top\_Norm8TeV:                 &-100.0\%                &        N/A\% \\ 
vv\_Norm8TeV:                  &-100.0\%                &        N/A\% \\ 
mr2:                           &-100.0\%                &        N/A\% \\ 
CMS\_eff\_m:                   &-100.0\%                &        N/A\% \\ 
pdf\_CT10:                     &-100.0\%                &        N/A\% \\ 
mf2:                           &-100.0\%                &        N/A\% \\ 
pdf:                           &-100.0\%                &        N/A\% \\ 
PhotonEfficiency:              &-100.0\%                &        N/A\% \\ 
mf:                            &-100.0\%                &        N/A\% \\ 
mr:                            &-100.0\%                &        N/A\% \\ 
fp:                            &-100.0\%                &        N/A\% \\ 
