>>> including systematics
>>> method used to compute upper limit is Asymptotic
>>> random number generator seed is 123456
Computing limit starting from observation
Will compute both limit(s) using minimizer Minuit2 with strategy 0 and tolerance 0.01
Median for expected limits: 0.552734
Sigma  for expected limits: 0.282013
Restricting r to positive values.

Make global fit of real data
NLL at global minimum of data: -2020.9 (r = 0.00181696)

Make global fit of asimov data
NLL at global minimum of asimov: -2020.9 (r = 0.00152127)
At r = 7.436415:	q_mu = 248.76631	q_A  = 248.76553	CLsb = 0.00000	CLb  = 0.49999	CLs  = 0.00000
At r = 3.719116:	q_mu = 102.44636	q_A  = 102.44644	CLsb = 0.00000	CLb  = 0.50000	CLs  = 0.00000
At r = 1.860466:	q_mu = 37.61486	q_A  = 37.61481	CLsb = 0.00000	CLb  = 0.50000	CLs  = 0.00000
At r = 0.931142:	q_mu = 10.90126	q_A  = 10.90125	CLsb = 0.00048	CLb  = 0.50000	CLs  = 0.00096
At r = 0.466479:	q_mu = 2.68556	q_A  = 2.68557	CLsb = 0.05063	CLb  = 0.50000	CLs  = 0.10126
At r = 0.698810:	q_mu = 6.16968	q_A  = 6.16968	CLsb = 0.00650	CLb  = 0.50000	CLs  = 0.01300
At r = 0.582645:	q_mu = 4.25640	q_A  = 4.25640	CLsb = 0.01955	CLb  = 0.50000	CLs  = 0.03910
At r = 0.535402:	q_mu = 3.57481	q_A  = 3.57482	CLsb = 0.02933	CLb  = 0.50000	CLs  = 0.05866
At r = 0.559738:	q_mu = 3.91872	q_A  = 3.91872	CLsb = 0.02388	CLb  = 0.50000	CLs  = 0.04775
At r = 0.550517:	q_mu = 3.78660	q_A  = 3.78661	CLsb = 0.02583	CLb  = 0.50000	CLs  = 0.05166
At r = 0.555428:	q_mu = 3.85669	q_A  = 3.85670	CLsb = 0.02477	CLb  = 0.50000	CLs  = 0.04955
At r = 0.553593:	q_mu = 3.83043	q_A  = 3.83043	CLsb = 0.02517	CLb  = 0.50000	CLs  = 0.05033

 -- Asymptotic -- 
Observed Limit: r < 0.5536
Expected  2.5%: r < 0.3077
Expected 16.0%: r < 0.4053
Expected 50.0%: r < 0.5527
Expected 84.0%: r < 0.7664
Expected 97.5%: r < 1.0272

Done in 0.01 min (cpu), 0.01 min (real)
