>>> including systematics
>>> method used to compute upper limit is Asymptotic
>>> random number generator seed is 123456
Computing limit starting from observation
Will compute both limit(s) using minimizer Minuit2 with strategy 0 and tolerance 0.01
Median for expected limits: 0.742188
Sigma  for expected limits: 0.378674
Restricting r to positive values.

Make global fit of real data
NLL at global minimum of data: -2630.82 (r = 0.424766)

Make global fit of asimov data
NLL at global minimum of asimov: -2581.97 (r = 0.00101471)
At r = 1.624766:	q_mu = 10.19209	q_A  = 17.86350	CLsb = 0.00071	CLb  = 0.84944	CLs  = 0.00083
At r = 1.024766:	q_mu = 2.82453	q_A  = 7.52119	CLsb = 0.04642	CLb  = 0.85585	CLs  = 0.05424
At r = 1.324766:	q_mu = 6.07450	q_A  = 12.34554	CLsb = 0.00686	CLb  = 0.85290	CLs  = 0.00804
At r = 1.174766:	q_mu = 4.32386	q_A  = 9.82994	CLsb = 0.01879	CLb  = 0.85449	CLs  = 0.02199
At r = 1.065574:	q_mu = 3.20547	q_A  = 8.12669	CLsb = 0.03670	CLb  = 0.85551	CLs  = 0.04289
At r = 1.044242:	q_mu = 3.00372	q_A  = 7.80796	CLsb = 0.04154	CLb  = 0.85569	CLs  = 0.04854
At r = 1.036189:	q_mu = 2.92904	q_A  = 7.68889	CLsb = 0.04350	CLb  = 0.85575	CLs  = 0.05083
At r = 1.040106:	q_mu = 2.96526	q_A  = 7.74671	CLsb = 0.04254	CLb  = 0.85572	CLs  = 0.04971

 -- Asymptotic -- 
Observed Limit: r < 1.0401
Expected  2.5%: r < 0.4027
Expected 16.0%: r < 0.5356
Expected 50.0%: r < 0.7422
Expected 84.0%: r < 1.0309
Expected 97.5%: r < 1.3697

Done in 0.01 min (cpu), 0.01 min (real)
