>>> including systematics
>>> method used to compute upper limit is Asymptotic
>>> random number generator seed is 123456
Computing limit starting from observation
Will compute both limit(s) using minimizer Minuit2 with strategy 0 and tolerance 0.01
Median for expected limits: 0.375977
Sigma  for expected limits: 0.191828
Restricting r to positive values.

Make global fit of real data
NLL at global minimum of data: -2201.19 (r = 0.000102931)

Make global fit of asimov data
NLL at global minimum of asimov: -2201.19 (r = 7.22644e-05)
At r = 1.200103:	q_mu = 34.94082	q_A  = 34.94096	CLsb = 0.00000	CLb  = 0.50000	CLs  = 0.00000
At r = 0.600103:	q_mu = 9.97104	q_A  = 9.97113	CLsb = 0.00080	CLb  = 0.50001	CLs  = 0.00159
At r = 0.300103:	q_mu = 2.39737	q_A  = 2.39744	CLsb = 0.06077	CLb  = 0.50001	CLs  = 0.12154
At r = 0.450103:	q_mu = 5.58400	q_A  = 5.58408	CLsb = 0.00906	CLb  = 0.50001	CLs  = 0.01813
At r = 0.386113:	q_mu = 4.06701	q_A  = 4.06708	CLsb = 0.02186	CLb  = 0.50001	CLs  = 0.04373
At r = 0.359889:	q_mu = 3.51260	q_A  = 3.51267	CLsb = 0.03045	CLb  = 0.50001	CLs  = 0.06090
At r = 0.372381:	q_mu = 3.77169	q_A  = 3.77177	CLsb = 0.02606	CLb  = 0.50001	CLs  = 0.05213
At r = 0.377731:	q_mu = 3.88546	q_A  = 3.88553	CLsb = 0.02435	CLb  = 0.50001	CLs  = 0.04871
At r = 0.375007:	q_mu = 3.82732	q_A  = 3.82739	CLsb = 0.02521	CLb  = 0.50001	CLs  = 0.05042
At r = 0.376081:	q_mu = 3.85020	q_A  = 3.85027	CLsb = 0.02487	CLb  = 0.50001	CLs  = 0.04974

 -- Asymptotic -- 
Observed Limit: r < 0.3761
Expected  2.5%: r < 0.2115
Expected 16.0%: r < 0.2770
Expected 50.0%: r < 0.3760
Expected 84.0%: r < 0.5183
Expected 97.5%: r < 0.6917

Done in 0.01 min (cpu), 0.01 min (real)
