>>> including systematics
>>> method used to compute upper limit is Asymptotic
>>> random number generator seed is 123456
Computing limit starting from observation
Will compute both limit(s) using minimizer Minuit2 with strategy 0 and tolerance 0.01
Median for expected limits: 0.390625
Sigma  for expected limits: 0.199302
Restricting r to positive values.

Make global fit of real data
NLL at global minimum of data: -2234.13 (r = 0.000851309)

Make global fit of asimov data
NLL at global minimum of asimov: -2234.28 (r = 0.000730121)
At r = 7.204967:	q_mu = 310.61465	q_A  = 310.61575	CLsb = 0.00000	CLb  = 0.50001	CLs  = 0.00000
At r = 3.602909:	q_mu = 128.53288	q_A  = 128.53608	CLsb = 0.00000	CLb  = 0.50006	CLs  = 0.00000
At r = 1.801880:	q_mu = 54.45268	q_A  = 54.45639	CLsb = 0.00000	CLb  = 0.50010	CLs  = 0.00000
At r = 0.901366:	q_mu = 18.75753	q_A  = 18.75890	CLsb = 0.00001	CLb  = 0.50006	CLs  = 0.00001
At r = 0.451109:	q_mu = 5.13499	q_A  = 5.13530	CLsb = 0.01172	CLb  = 0.50003	CLs  = 0.02345
At r = 0.225980:	q_mu = 1.23948	q_A  = 1.23941	CLsb = 0.13279	CLb  = 0.49999	CLs  = 0.26558
At r = 0.338544:	q_mu = 2.87440	q_A  = 2.87452	CLsb = 0.04500	CLb  = 0.50001	CLs  = 0.09000
At r = 0.400407:	q_mu = 4.04288	q_A  = 4.04309	CLsb = 0.02218	CLb  = 0.50002	CLs  = 0.04436
At r = 0.379657:	q_mu = 3.63021	q_A  = 3.63039	CLsb = 0.02837	CLb  = 0.50002	CLs  = 0.05674
At r = 0.388181:	q_mu = 3.79724	q_A  = 3.79744	CLsb = 0.02567	CLb  = 0.50002	CLs  = 0.05133
At r = 0.392390:	q_mu = 3.88100	q_A  = 3.88120	CLsb = 0.02442	CLb  = 0.50002	CLs  = 0.04883
At r = 0.389957:	q_mu = 3.83248	q_A  = 3.83268	CLsb = 0.02513	CLb  = 0.50002	CLs  = 0.05027
At r = 0.390801:	q_mu = 3.84928	q_A  = 3.84949	CLsb = 0.02488	CLb  = 0.50002	CLs  = 0.04977

 -- Asymptotic -- 
Observed Limit: r < 0.3908
Expected  2.5%: r < 0.2159
Expected 16.0%: r < 0.2828
Expected 50.0%: r < 0.3906
Expected 84.0%: r < 0.5448
Expected 97.5%: r < 0.7332

Done in 0.01 min (cpu), 0.01 min (real)
