>>> including systematics
>>> method used to compute upper limit is Asymptotic
>>> random number generator seed is 123456
Computing limit starting from observation
Will compute both limit(s) using minimizer Minuit2 with strategy 0 and tolerance 0.01
Median for expected limits: 0.374023
Sigma  for expected limits: 0.190832
Restricting r to positive values.

Make global fit of real data
NLL at global minimum of data: -2228.94 (r = 0.000803448)

Make global fit of asimov data
NLL at global minimum of asimov: -2228.94 (r = 0.000706156)
At r = 41.228086:	q_mu = 2628.53032	q_A  = 2628.52950	CLsb = 0.00000	CLb  = 0.50000	CLs  = 0.00000
At r = 20.614444:	q_mu = 1107.20237	q_A  = 1095.55689	CLsb = 0.00000	CLb  = 0.43018	CLs  = 0.00000
At r = 10.307624:	q_mu = 579.28763	q_A  = 493.98271	CLsb = 0.00000	CLb  = 0.02749	CLs  = 0.00000
At r = 5.154214:	q_mu = 218.47922	q_A  = 218.48018	CLsb = 0.00000	CLb  = 0.50001	CLs  = 0.00000
At r = 2.577509:	q_mu = 93.26333	q_A  = 93.26509	CLsb = 0.00000	CLb  = 0.50004	CLs  = 0.00000
At r = 1.289156:	q_mu = 36.55946	q_A  = 36.55947	CLsb = 0.00000	CLb  = 0.50000	CLs  = 0.00000
At r = 0.644980:	q_mu = 11.24306	q_A  = 11.24311	CLsb = 0.00040	CLb  = 0.50000	CLs  = 0.00080
At r = 0.322892:	q_mu = 2.84813	q_A  = 2.84821	CLsb = 0.04574	CLb  = 0.50001	CLs  = 0.09148
At r = 0.483936:	q_mu = 6.46148	q_A  = 6.46155	CLsb = 0.00551	CLb  = 0.50001	CLs  = 0.01102
At r = 0.403414:	q_mu = 4.48872	q_A  = 4.48880	CLsb = 0.01706	CLb  = 0.50001	CLs  = 0.03412
At r = 0.362347:	q_mu = 3.60822	q_A  = 3.60830	CLsb = 0.02875	CLb  = 0.50001	CLs  = 0.05749
At r = 0.379353:	q_mu = 3.96201	q_A  = 3.96210	CLsb = 0.02327	CLb  = 0.50001	CLs  = 0.04654
At r = 0.371333:	q_mu = 3.79324	q_A  = 3.79333	CLsb = 0.02573	CLb  = 0.50001	CLs  = 0.05146
At r = 0.374773:	q_mu = 3.86520	q_A  = 3.86529	CLsb = 0.02465	CLb  = 0.50001	CLs  = 0.04930
At r = 0.373177:	q_mu = 3.83173	q_A  = 3.83182	CLsb = 0.02515	CLb  = 0.50001	CLs  = 0.05029

 -- Asymptotic -- 
Observed Limit: r < 0.3732
Expected  2.5%: r < 0.2082
Expected 16.0%: r < 0.2717
Expected 50.0%: r < 0.3740
Expected 84.0%: r < 0.5186
Expected 97.5%: r < 0.6999

Done in 0.01 min (cpu), 0.01 min (real)
